2019-06-27 15:57:25 INFO  PluginTasksProjectComponent.projectOpened(77) - ---------- Project opened ----------
2019-06-27 15:57:25 INFO  PluginTasksProjectComponent.projectOpened(78) - ---------- Version 3.31 ----------

2019-06-27 15:57:25 WARN  PluginTasksProjectComponent.setAutoscrolls(370) - Error while setting autoscrolls
2019-06-27 15:57:31 INFO  ApacheHttpClient.isSessionAppropriateWithSecretKey(572) - The session is not set in the property file.
2019-06-27 15:57:31 INFO  ApacheHttpClient.logout(616) - Waiting for server response.
2019-06-27 15:57:31 INFO  ApacheHttpClient.logout(616) - Waiting for server response.
2019-06-27 15:57:31 INFO  ApacheHttpClient.login(238) - Waiting for server response.
2019-06-27 15:57:31 INFO  ApacheHttpClient.login(238) - Waiting for server response.
2019-06-27 15:57:32 INFO  ApacheHttpClient.login(242) - responseCode = 200
2019-06-27 15:57:32 INFO  ApacheHttpClient.login(265) - JSESSIONID OK
2019-06-27 15:57:32 INFO  ApacheHttpClient.refreshUserInfo(293) - responseCode = 200
2019-06-27 15:57:32 INFO  ApacheHttpClient.refreshUserInfo(299) - User information received.
2019-06-27 15:57:32 INFO  ApacheHttpClient.startGA(35) - GAService started.
2019-06-27 15:57:32 INFO  AbstractRestApiClient.startService(71) - EventsService started.
2019-06-27 15:57:59 INFO  PluginTasksProjectComponent.projectClosing(188) - ---------- Project closed ----------

2019-06-27 15:58:52 INFO  PluginTasksProjectComponent.projectOpened(77) - ---------- Project opened ----------
2019-06-27 15:58:52 INFO  PluginTasksProjectComponent.projectOpened(78) - ---------- Version 3.31 ----------

2019-06-27 15:58:52 WARN  PluginTasksProjectComponent.setAutoscrolls(370) - Error while setting autoscrolls
2019-06-27 15:58:57 INFO  ApacheHttpClient.isSessionAppropriateWithSecretKey(585) - Waiting for server response.
2019-06-27 15:58:57 INFO  ApacheHttpClient.isSessionAppropriateWithSecretKey(585) - Waiting for server response.
2019-06-27 15:58:58 INFO  ApacheHttpClient.refreshUserInfo(293) - responseCode = 200
2019-06-27 15:58:58 INFO  ApacheHttpClient.refreshUserInfo(299) - User information received.
2019-06-27 15:58:58 INFO  ApacheHttpClient.startGA(35) - GAService started.
2019-06-27 15:58:58 WARN  PluginUtil.isProjectStructureCorrect(344) - The project structure is invalid.
2019-06-27 15:59:44 INFO  PluginTasksProjectComponent.projectClosing(188) - ---------- Project closed ----------

2019-06-27 15:59:45 INFO  PluginTasksProjectComponent.projectOpened(77) - ---------- Project opened ----------
2019-06-27 15:59:45 INFO  PluginTasksProjectComponent.projectOpened(77) - ---------- Project opened ----------
2019-06-27 15:59:45 INFO  PluginTasksProjectComponent.projectOpened(78) - ---------- Version 3.31 ----------

2019-06-27 15:59:45 INFO  PluginTasksProjectComponent.projectOpened(78) - ---------- Version 3.31 ----------

2019-06-27 15:59:45 WARN  PluginTasksProjectComponent.setAutoscrolls(370) - Error while setting autoscrolls
2019-06-27 15:59:45 WARN  PluginTasksProjectComponent.setAutoscrolls(370) - Error while setting autoscrolls
2019-06-27 15:59:49 INFO  ApacheHttpClient.isSessionAppropriateWithSecretKey(585) - Waiting for server response.
2019-06-27 15:59:49 INFO  ApacheHttpClient.isSessionAppropriateWithSecretKey(585) - Waiting for server response.
2019-06-27 15:59:49 INFO  ApacheHttpClient.isSessionAppropriateWithSecretKey(585) - Waiting for server response.
2019-06-27 15:59:49 INFO  ApacheHttpClient.isSessionAppropriateWithSecretKey(585) - Waiting for server response.
2019-06-27 15:59:49 INFO  ApacheHttpClient.refreshUserInfo(293) - responseCode = 200
2019-06-27 15:59:49 INFO  ApacheHttpClient.refreshUserInfo(293) - responseCode = 200
2019-06-27 15:59:49 INFO  ApacheHttpClient.refreshUserInfo(299) - User information received.
2019-06-27 15:59:49 INFO  ApacheHttpClient.refreshUserInfo(299) - User information received.
2019-06-27 15:59:49 INFO  ApacheHttpClient.startGA(35) - GAService started.
2019-06-27 15:59:49 INFO  ApacheHttpClient.startGA(35) - GAService started.
2019-06-27 15:59:49 INFO  AbstractRestApiClient.startService(71) - EventsService started.
2019-06-27 15:59:49 INFO  AbstractRestApiClient.startService(71) - EventsService started.
2019-06-27 16:00:15 INFO  PluginTasksProjectComponent.projectClosing(188) - ---------- Project closed ----------

2019-06-27 16:00:15 INFO  PluginTasksProjectComponent.projectClosing(188) - ---------- Project closed ----------

2019-06-27 16:00:19 INFO  PluginTasksProjectComponent.projectOpened(77) - ---------- Project opened ----------
2019-06-27 16:00:19 INFO  PluginTasksProjectComponent.projectOpened(77) - ---------- Project opened ----------
2019-06-27 16:00:19 INFO  PluginTasksProjectComponent.projectOpened(78) - ---------- Version 3.31 ----------

2019-06-27 16:00:19 INFO  PluginTasksProjectComponent.projectOpened(78) - ---------- Version 3.31 ----------

2019-06-27 16:00:19 WARN  PluginTasksProjectComponent.setAutoscrolls(370) - Error while setting autoscrolls
2019-06-27 16:00:19 WARN  PluginTasksProjectComponent.setAutoscrolls(370) - Error while setting autoscrolls
2019-06-27 16:00:23 INFO  ApacheHttpClient.isSessionAppropriateWithSecretKey(585) - Waiting for server response.
2019-06-27 16:00:23 INFO  ApacheHttpClient.isSessionAppropriateWithSecretKey(585) - Waiting for server response.
2019-06-27 16:00:24 INFO  ApacheHttpClient.isSessionAppropriateWithSecretKey(585) - Waiting for server response.
2019-06-27 16:00:24 INFO  ApacheHttpClient.isSessionAppropriateWithSecretKey(585) - Waiting for server response.
2019-06-27 16:00:24 INFO  ApacheHttpClient.isSessionAppropriateWithSecretKey(585) - Waiting for server response.
2019-06-27 16:00:24 INFO  ApacheHttpClient.isSessionAppropriateWithSecretKey(585) - Waiting for server response.
2019-06-27 16:00:24 INFO  ApacheHttpClient.isSessionAppropriateWithSecretKey(585) - Waiting for server response.
2019-06-27 16:00:24 INFO  ApacheHttpClient.isSessionAppropriateWithSecretKey(585) - Waiting for server response.
2019-06-27 16:00:24 INFO  ApacheHttpClient.isSessionAppropriateWithSecretKey(585) - Waiting for server response.
2019-06-27 16:00:24 INFO  ApacheHttpClient.isSessionAppropriateWithSecretKey(585) - Waiting for server response.
2019-06-27 16:00:24 INFO  ApacheHttpClient.refreshUserInfo(293) - responseCode = 200
2019-06-27 16:00:24 INFO  ApacheHttpClient.refreshUserInfo(293) - responseCode = 200
2019-06-27 16:00:24 INFO  ApacheHttpClient.refreshUserInfo(299) - User information received.
2019-06-27 16:00:24 INFO  ApacheHttpClient.refreshUserInfo(299) - User information received.
2019-06-27 16:00:24 INFO  ApacheHttpClient.startGA(35) - GAService started.
2019-06-27 16:00:24 INFO  ApacheHttpClient.startGA(35) - GAService started.
2019-06-27 16:00:24 WARN  PluginUtil.isProjectStructureCorrect(344) - The project structure is invalid.
2019-06-27 16:00:24 WARN  PluginUtil.isProjectStructureCorrect(344) - The project structure is invalid.
2019-06-27 16:00:59 INFO  PluginTasksProjectComponent.projectClosing(188) - ---------- Project closed ----------

2019-06-27 16:00:59 INFO  PluginTasksProjectComponent.projectClosing(188) - ---------- Project closed ----------

2019-06-27 16:00:59 INFO  PluginTasksProjectComponent.projectOpened(77) - ---------- Project opened ----------
2019-06-27 16:00:59 INFO  PluginTasksProjectComponent.projectOpened(77) - ---------- Project opened ----------
2019-06-27 16:00:59 INFO  PluginTasksProjectComponent.projectOpened(77) - ---------- Project opened ----------
2019-06-27 16:00:59 INFO  PluginTasksProjectComponent.projectOpened(78) - ---------- Version 3.31 ----------

2019-06-27 16:00:59 INFO  PluginTasksProjectComponent.projectOpened(78) - ---------- Version 3.31 ----------

2019-06-27 16:00:59 INFO  PluginTasksProjectComponent.projectOpened(78) - ---------- Version 3.31 ----------

2019-06-27 16:00:59 WARN  PluginTasksProjectComponent.setAutoscrolls(370) - Error while setting autoscrolls
2019-06-27 16:00:59 WARN  PluginTasksProjectComponent.setAutoscrolls(370) - Error while setting autoscrolls
2019-06-27 16:00:59 WARN  PluginTasksProjectComponent.setAutoscrolls(370) - Error while setting autoscrolls
2019-06-27 16:01:03 INFO  ApacheHttpClient.isSessionAppropriateWithSecretKey(585) - Waiting for server response.
2019-06-27 16:01:03 INFO  ApacheHttpClient.isSessionAppropriateWithSecretKey(585) - Waiting for server response.
2019-06-27 16:01:03 INFO  ApacheHttpClient.isSessionAppropriateWithSecretKey(585) - Waiting for server response.
2019-06-27 16:01:03 INFO  ApacheHttpClient.isSessionAppropriateWithSecretKey(585) - Waiting for server response.
2019-06-27 16:01:03 INFO  ApacheHttpClient.isSessionAppropriateWithSecretKey(585) - Waiting for server response.
2019-06-27 16:01:03 INFO  ApacheHttpClient.isSessionAppropriateWithSecretKey(585) - Waiting for server response.
2019-06-27 16:01:03 INFO  ApacheHttpClient.refreshUserInfo(293) - responseCode = 200
2019-06-27 16:01:03 INFO  ApacheHttpClient.refreshUserInfo(293) - responseCode = 200
2019-06-27 16:01:03 INFO  ApacheHttpClient.refreshUserInfo(293) - responseCode = 200
2019-06-27 16:01:03 INFO  ApacheHttpClient.refreshUserInfo(299) - User information received.
2019-06-27 16:01:03 INFO  ApacheHttpClient.refreshUserInfo(299) - User information received.
2019-06-27 16:01:03 INFO  ApacheHttpClient.refreshUserInfo(299) - User information received.
2019-06-27 16:01:03 INFO  ApacheHttpClient.startGA(35) - GAService started.
2019-06-27 16:01:03 INFO  ApacheHttpClient.startGA(35) - GAService started.
2019-06-27 16:01:03 INFO  ApacheHttpClient.startGA(35) - GAService started.
2019-06-27 16:01:03 INFO  AbstractRestApiClient.startService(71) - EventsService started.
2019-06-27 16:01:03 INFO  AbstractRestApiClient.startService(71) - EventsService started.
2019-06-27 16:01:03 INFO  AbstractRestApiClient.startService(71) - EventsService started.
2019-06-27 16:02:20 INFO  ApacheHttpClient.getWebResourceAsStream(485) - responseCode = 200
2019-06-27 16:02:20 INFO  ApacheHttpClient.getWebResourceAsStream(485) - responseCode = 200
2019-06-27 16:02:20 INFO  ApacheHttpClient.getWebResourceAsStream(485) - responseCode = 200
2019-06-27 16:02:23 INFO  ApacheHttpClient.getFilteredTasks(324) - responseCode = 200
2019-06-27 16:02:23 INFO  ApacheHttpClient.getFilteredTasks(324) - responseCode = 200
2019-06-27 16:02:23 INFO  ApacheHttpClient.getFilteredTasks(324) - responseCode = 200
2019-06-27 16:02:35 INFO  ApacheHttpClient.getFilteredTasks(324) - responseCode = 200
2019-06-27 16:02:35 INFO  ApacheHttpClient.getFilteredTasks(324) - responseCode = 200
2019-06-27 16:02:35 INFO  ApacheHttpClient.getFilteredTasks(324) - responseCode = 200
2019-06-27 16:02:41 INFO  ApacheHttpClient.getFilteredTasks(324) - responseCode = 200
2019-06-27 16:02:41 INFO  ApacheHttpClient.getFilteredTasks(324) - responseCode = 200
2019-06-27 16:02:41 INFO  ApacheHttpClient.getFilteredTasks(324) - responseCode = 200
2019-06-27 16:03:04 INFO  ApacheHttpClient.sendEvent(518) - responseCode = 200
2019-06-27 16:03:04 INFO  ApacheHttpClient.sendEvent(518) - responseCode = 200
2019-06-27 16:03:04 INFO  ApacheHttpClient.sendEvent(518) - responseCode = 200
2019-06-27 16:03:06 INFO  ApacheHttpClient.getTaskTemplateInfo(341) - responseCode = 200
2019-06-27 16:03:06 INFO  ApacheHttpClient.getTaskTemplateInfo(341) - responseCode = 200
2019-06-27 16:03:06 INFO  ApacheHttpClient.getTaskTemplateInfo(341) - responseCode = 200
2019-06-27 16:03:09 INFO  ApacheHttpClient.getWebResourceAsStream(485) - responseCode = 200
2019-06-27 16:03:09 INFO  ApacheHttpClient.getWebResourceAsStream(485) - responseCode = 200
2019-06-27 16:03:09 INFO  ApacheHttpClient.getWebResourceAsStream(485) - responseCode = 200
2019-06-27 16:04:04 INFO  ApacheHttpClient.sendEvent(518) - responseCode = 200
2019-06-27 16:04:04 INFO  ApacheHttpClient.sendEvent(518) - responseCode = 200
2019-06-27 16:04:04 INFO  ApacheHttpClient.sendEvent(518) - responseCode = 200
2019-06-27 16:05:04 INFO  ApacheHttpClient.sendEvent(518) - responseCode = 200
2019-06-27 16:05:04 INFO  ApacheHttpClient.sendEvent(518) - responseCode = 200
2019-06-27 16:05:04 INFO  ApacheHttpClient.sendEvent(518) - responseCode = 200
2019-06-27 16:05:22 INFO  ApacheHttpClient.getWebResourceAsStream(485) - responseCode = 200
2019-06-27 16:05:22 INFO  ApacheHttpClient.getWebResourceAsStream(485) - responseCode = 200
2019-06-27 16:05:22 INFO  ApacheHttpClient.getWebResourceAsStream(485) - responseCode = 200
2019-06-27 16:05:23 INFO  ApacheHttpClient.getFilteredTasks(324) - responseCode = 200
2019-06-27 16:05:23 INFO  ApacheHttpClient.getFilteredTasks(324) - responseCode = 200
2019-06-27 16:05:23 INFO  ApacheHttpClient.getFilteredTasks(324) - responseCode = 200
2019-06-27 16:05:27 INFO  ApacheHttpClient.getTaskTemplateInfo(341) - responseCode = 200
2019-06-27 16:05:27 INFO  ApacheHttpClient.getTaskTemplateInfo(341) - responseCode = 200
2019-06-27 16:05:27 INFO  ApacheHttpClient.getTaskTemplateInfo(341) - responseCode = 200
2019-06-27 16:05:28 INFO  ApacheHttpClient.getWebResourceAsStream(485) - responseCode = 200
2019-06-27 16:05:28 INFO  ApacheHttpClient.getWebResourceAsStream(485) - responseCode = 200
2019-06-27 16:05:28 INFO  ApacheHttpClient.getWebResourceAsStream(485) - responseCode = 200
2019-06-27 16:06:04 INFO  ApacheHttpClient.sendEvent(518) - responseCode = 200
2019-06-27 16:06:04 INFO  ApacheHttpClient.sendEvent(518) - responseCode = 200
2019-06-27 16:06:04 INFO  ApacheHttpClient.sendEvent(518) - responseCode = 200
2019-06-27 16:06:36 INFO  ApacheHttpClient.getWebResourceAsStream(485) - responseCode = 200
2019-06-27 16:06:36 INFO  ApacheHttpClient.getWebResourceAsStream(485) - responseCode = 200
2019-06-27 16:06:36 INFO  ApacheHttpClient.getWebResourceAsStream(485) - responseCode = 200
2019-06-27 16:06:38 INFO  ApacheHttpClient.getFilteredTasks(324) - responseCode = 200
2019-06-27 16:06:38 INFO  ApacheHttpClient.getFilteredTasks(324) - responseCode = 200
2019-06-27 16:06:38 INFO  ApacheHttpClient.getFilteredTasks(324) - responseCode = 200
2019-06-27 16:06:45 INFO  ApacheHttpClient.getTaskTemplateInfo(341) - responseCode = 200
2019-06-27 16:06:45 INFO  ApacheHttpClient.getTaskTemplateInfo(341) - responseCode = 200
2019-06-27 16:06:45 INFO  ApacheHttpClient.getTaskTemplateInfo(341) - responseCode = 200
2019-06-27 16:06:45 INFO  ApacheHttpClient.getWebResourceAsStream(485) - responseCode = 200
2019-06-27 16:06:45 INFO  ApacheHttpClient.getWebResourceAsStream(485) - responseCode = 200
2019-06-27 16:06:45 INFO  ApacheHttpClient.getWebResourceAsStream(485) - responseCode = 200
2019-06-27 16:07:04 INFO  ApacheHttpClient.sendEvent(518) - responseCode = 200
2019-06-27 16:07:04 INFO  ApacheHttpClient.sendEvent(518) - responseCode = 200
2019-06-27 16:07:04 INFO  ApacheHttpClient.sendEvent(518) - responseCode = 200
2019-06-27 16:08:04 INFO  ApacheHttpClient.sendEvent(518) - responseCode = 200
2019-06-27 16:08:04 INFO  ApacheHttpClient.sendEvent(518) - responseCode = 200
2019-06-27 16:08:04 INFO  ApacheHttpClient.sendEvent(518) - responseCode = 200
2019-06-27 16:08:04 INFO  ApacheHttpClient.getWebResourceAsStream(485) - responseCode = 200
2019-06-27 16:08:04 INFO  ApacheHttpClient.getWebResourceAsStream(485) - responseCode = 200
2019-06-27 16:08:04 INFO  ApacheHttpClient.getWebResourceAsStream(485) - responseCode = 200
2019-06-27 16:08:06 INFO  ApacheHttpClient.getFilteredTasks(324) - responseCode = 200
2019-06-27 16:08:06 INFO  ApacheHttpClient.getFilteredTasks(324) - responseCode = 200
2019-06-27 16:08:06 INFO  ApacheHttpClient.getFilteredTasks(324) - responseCode = 200
2019-06-27 16:08:24 INFO  ApacheHttpClient.getTaskTemplateInfo(341) - responseCode = 200
2019-06-27 16:08:24 INFO  ApacheHttpClient.getTaskTemplateInfo(341) - responseCode = 200
2019-06-27 16:08:24 INFO  ApacheHttpClient.getTaskTemplateInfo(341) - responseCode = 200
2019-06-27 16:08:25 INFO  ApacheHttpClient.getWebResourceAsStream(485) - responseCode = 200
2019-06-27 16:08:25 INFO  ApacheHttpClient.getWebResourceAsStream(485) - responseCode = 200
2019-06-27 16:08:25 INFO  ApacheHttpClient.getWebResourceAsStream(485) - responseCode = 200
2019-06-27 16:09:04 INFO  ApacheHttpClient.sendEvent(518) - responseCode = 200
2019-06-27 16:09:04 INFO  ApacheHttpClient.sendEvent(518) - responseCode = 200
2019-06-27 16:09:04 INFO  ApacheHttpClient.sendEvent(518) - responseCode = 200
2019-06-27 16:09:51 INFO  ApacheHttpClient.getWebResourceAsStream(485) - responseCode = 200
2019-06-27 16:09:51 INFO  ApacheHttpClient.getWebResourceAsStream(485) - responseCode = 200
2019-06-27 16:09:51 INFO  ApacheHttpClient.getWebResourceAsStream(485) - responseCode = 200
2019-06-27 16:09:53 INFO  ApacheHttpClient.getFilteredTasks(324) - responseCode = 200
2019-06-27 16:09:53 INFO  ApacheHttpClient.getFilteredTasks(324) - responseCode = 200
2019-06-27 16:09:53 INFO  ApacheHttpClient.getFilteredTasks(324) - responseCode = 200
2019-06-27 16:10:04 INFO  ApacheHttpClient.sendEvent(518) - responseCode = 200
2019-06-27 16:10:04 INFO  ApacheHttpClient.sendEvent(518) - responseCode = 200
2019-06-27 16:10:04 INFO  ApacheHttpClient.sendEvent(518) - responseCode = 200
2019-06-27 16:10:04 INFO  ApacheHttpClient.getTaskTemplateInfo(341) - responseCode = 200
2019-06-27 16:10:04 INFO  ApacheHttpClient.getTaskTemplateInfo(341) - responseCode = 200
2019-06-27 16:10:04 INFO  ApacheHttpClient.getTaskTemplateInfo(341) - responseCode = 200
2019-06-27 16:10:04 INFO  ApacheHttpClient.getWebResourceAsStream(485) - responseCode = 200
2019-06-27 16:10:04 INFO  ApacheHttpClient.getWebResourceAsStream(485) - responseCode = 200
2019-06-27 16:10:04 INFO  ApacheHttpClient.getWebResourceAsStream(485) - responseCode = 200
2019-06-27 16:11:04 INFO  ApacheHttpClient.sendEvent(518) - responseCode = 200
2019-06-27 16:11:04 INFO  ApacheHttpClient.sendEvent(518) - responseCode = 200
2019-06-27 16:11:04 INFO  ApacheHttpClient.sendEvent(518) - responseCode = 200
2019-06-27 16:12:04 INFO  ApacheHttpClient.sendEvent(518) - responseCode = 200
2019-06-27 16:12:04 INFO  ApacheHttpClient.sendEvent(518) - responseCode = 200
2019-06-27 16:12:04 INFO  ApacheHttpClient.sendEvent(518) - responseCode = 200
2019-06-27 16:13:04 INFO  ApacheHttpClient.sendEvent(518) - responseCode = 200
2019-06-27 16:13:04 INFO  ApacheHttpClient.sendEvent(518) - responseCode = 200
2019-06-27 16:13:04 INFO  ApacheHttpClient.sendEvent(518) - responseCode = 200
2019-06-27 16:14:04 INFO  ApacheHttpClient.sendEvent(518) - responseCode = 200
2019-06-27 16:14:04 INFO  ApacheHttpClient.sendEvent(518) - responseCode = 200
2019-06-27 16:14:04 INFO  ApacheHttpClient.sendEvent(518) - responseCode = 200
2019-06-27 16:15:04 INFO  ApacheHttpClient.sendEvent(518) - responseCode = 200
2019-06-27 16:15:04 INFO  ApacheHttpClient.sendEvent(518) - responseCode = 200
2019-06-27 16:15:04 INFO  ApacheHttpClient.sendEvent(518) - responseCode = 200
2019-06-27 16:16:04 INFO  ApacheHttpClient.sendEvent(518) - responseCode = 200
2019-06-27 16:16:04 INFO  ApacheHttpClient.sendEvent(518) - responseCode = 200
2019-06-27 16:16:04 INFO  ApacheHttpClient.sendEvent(518) - responseCode = 200
2019-06-27 16:17:04 INFO  ApacheHttpClient.sendEvent(518) - responseCode = 200
2019-06-27 16:17:04 INFO  ApacheHttpClient.sendEvent(518) - responseCode = 200
2019-06-27 16:17:04 INFO  ApacheHttpClient.sendEvent(518) - responseCode = 200
2019-06-27 16:18:04 INFO  ApacheHttpClient.sendEvent(518) - responseCode = 200
2019-06-27 16:18:04 INFO  ApacheHttpClient.sendEvent(518) - responseCode = 200
2019-06-27 16:18:04 INFO  ApacheHttpClient.sendEvent(518) - responseCode = 200
2019-06-27 16:19:04 INFO  ApacheHttpClient.sendEvent(518) - responseCode = 200
2019-06-27 16:19:04 INFO  ApacheHttpClient.sendEvent(518) - responseCode = 200
2019-06-27 16:19:04 INFO  ApacheHttpClient.sendEvent(518) - responseCode = 200
2019-06-27 16:20:04 INFO  ApacheHttpClient.sendEvent(518) - responseCode = 200
2019-06-27 16:20:04 INFO  ApacheHttpClient.sendEvent(518) - responseCode = 200
2019-06-27 16:20:04 INFO  ApacheHttpClient.sendEvent(518) - responseCode = 200
2019-06-27 16:20:53 INFO  ApacheHttpClient.getWebResourceAsStream(485) - responseCode = 200
2019-06-27 16:20:53 INFO  ApacheHttpClient.getWebResourceAsStream(485) - responseCode = 200
2019-06-27 16:20:53 INFO  ApacheHttpClient.getWebResourceAsStream(485) - responseCode = 200
2019-06-27 16:20:55 INFO  ApacheHttpClient.getFilteredTasks(324) - responseCode = 200
2019-06-27 16:20:55 INFO  ApacheHttpClient.getFilteredTasks(324) - responseCode = 200
2019-06-27 16:20:55 INFO  ApacheHttpClient.getFilteredTasks(324) - responseCode = 200
2019-06-27 16:21:04 INFO  ApacheHttpClient.sendEvent(518) - responseCode = 200
2019-06-27 16:21:04 INFO  ApacheHttpClient.sendEvent(518) - responseCode = 200
2019-06-27 16:21:04 INFO  ApacheHttpClient.sendEvent(518) - responseCode = 200
2019-06-27 16:21:05 INFO  ApacheHttpClient.getTaskTemplateInfo(341) - responseCode = 200
2019-06-27 16:21:05 INFO  ApacheHttpClient.getTaskTemplateInfo(341) - responseCode = 200
2019-06-27 16:21:05 INFO  ApacheHttpClient.getTaskTemplateInfo(341) - responseCode = 200
2019-06-27 16:21:06 INFO  ApacheHttpClient.getWebResourceAsStream(485) - responseCode = 200
2019-06-27 16:21:06 INFO  ApacheHttpClient.getWebResourceAsStream(485) - responseCode = 200
2019-06-27 16:21:06 INFO  ApacheHttpClient.getWebResourceAsStream(485) - responseCode = 200
2019-06-27 16:22:04 INFO  ApacheHttpClient.sendEvent(518) - responseCode = 200
2019-06-27 16:22:04 INFO  ApacheHttpClient.sendEvent(518) - responseCode = 200
2019-06-27 16:22:04 INFO  ApacheHttpClient.sendEvent(518) - responseCode = 200
2019-06-27 16:22:36 INFO  ApacheHttpClient.getWebResourceAsStream(485) - responseCode = 200
2019-06-27 16:22:36 INFO  ApacheHttpClient.getWebResourceAsStream(485) - responseCode = 200
2019-06-27 16:22:36 INFO  ApacheHttpClient.getWebResourceAsStream(485) - responseCode = 200
2019-06-27 16:22:38 INFO  ApacheHttpClient.getFilteredTasks(324) - responseCode = 200
2019-06-27 16:22:38 INFO  ApacheHttpClient.getFilteredTasks(324) - responseCode = 200
2019-06-27 16:22:38 INFO  ApacheHttpClient.getFilteredTasks(324) - responseCode = 200
2019-06-27 16:22:55 INFO  ApacheHttpClient.getTaskTemplateInfo(341) - responseCode = 200
2019-06-27 16:22:55 INFO  ApacheHttpClient.getTaskTemplateInfo(341) - responseCode = 200
2019-06-27 16:22:55 INFO  ApacheHttpClient.getTaskTemplateInfo(341) - responseCode = 200
2019-06-27 16:22:55 INFO  ApacheHttpClient.getWebResourceAsStream(485) - responseCode = 200
2019-06-27 16:22:55 INFO  ApacheHttpClient.getWebResourceAsStream(485) - responseCode = 200
2019-06-27 16:22:55 INFO  ApacheHttpClient.getWebResourceAsStream(485) - responseCode = 200
2019-06-27 16:23:04 INFO  ApacheHttpClient.sendEvent(518) - responseCode = 200
2019-06-27 16:23:04 INFO  ApacheHttpClient.sendEvent(518) - responseCode = 200
2019-06-27 16:23:04 INFO  ApacheHttpClient.sendEvent(518) - responseCode = 200
2019-06-27 16:23:53 INFO  ApacheHttpClient.getWebResourceAsStream(485) - responseCode = 200
2019-06-27 16:23:53 INFO  ApacheHttpClient.getWebResourceAsStream(485) - responseCode = 200
2019-06-27 16:23:53 INFO  ApacheHttpClient.getWebResourceAsStream(485) - responseCode = 200
2019-06-27 16:23:55 INFO  ApacheHttpClient.getFilteredTasks(324) - responseCode = 200
2019-06-27 16:23:55 INFO  ApacheHttpClient.getFilteredTasks(324) - responseCode = 200
2019-06-27 16:23:55 INFO  ApacheHttpClient.getFilteredTasks(324) - responseCode = 200
2019-06-27 16:24:03 INFO  ApacheHttpClient.getTaskTemplateInfo(341) - responseCode = 200
2019-06-27 16:24:03 INFO  ApacheHttpClient.getTaskTemplateInfo(341) - responseCode = 200
2019-06-27 16:24:03 INFO  ApacheHttpClient.getTaskTemplateInfo(341) - responseCode = 200
2019-06-27 16:24:04 INFO  ApacheHttpClient.getWebResourceAsStream(485) - responseCode = 200
2019-06-27 16:24:04 INFO  ApacheHttpClient.getWebResourceAsStream(485) - responseCode = 200
2019-06-27 16:24:04 INFO  ApacheHttpClient.getWebResourceAsStream(485) - responseCode = 200
2019-06-27 16:24:04 INFO  ApacheHttpClient.sendEvent(518) - responseCode = 200
2019-06-27 16:24:04 INFO  ApacheHttpClient.sendEvent(518) - responseCode = 200
2019-06-27 16:24:04 INFO  ApacheHttpClient.sendEvent(518) - responseCode = 200
2019-06-27 16:25:04 INFO  ApacheHttpClient.sendEvent(518) - responseCode = 200
2019-06-27 16:25:04 INFO  ApacheHttpClient.sendEvent(518) - responseCode = 200
2019-06-27 16:25:04 INFO  ApacheHttpClient.sendEvent(518) - responseCode = 200
2019-06-27 16:25:58 INFO  ApacheHttpClient.getWebResourceAsStream(485) - responseCode = 200
2019-06-27 16:25:58 INFO  ApacheHttpClient.getWebResourceAsStream(485) - responseCode = 200
2019-06-27 16:25:58 INFO  ApacheHttpClient.getWebResourceAsStream(485) - responseCode = 200
2019-06-27 16:26:00 INFO  ApacheHttpClient.getFilteredTasks(324) - responseCode = 200
2019-06-27 16:26:00 INFO  ApacheHttpClient.getFilteredTasks(324) - responseCode = 200
2019-06-27 16:26:00 INFO  ApacheHttpClient.getFilteredTasks(324) - responseCode = 200
2019-06-27 16:26:04 INFO  ApacheHttpClient.sendEvent(518) - responseCode = 200
2019-06-27 16:26:04 INFO  ApacheHttpClient.sendEvent(518) - responseCode = 200
2019-06-27 16:26:04 INFO  ApacheHttpClient.sendEvent(518) - responseCode = 200
2019-06-27 16:26:49 INFO  ApacheHttpClient.getTaskTemplateInfo(341) - responseCode = 200
2019-06-27 16:26:49 INFO  ApacheHttpClient.getTaskTemplateInfo(341) - responseCode = 200
2019-06-27 16:26:49 INFO  ApacheHttpClient.getTaskTemplateInfo(341) - responseCode = 200
2019-06-27 16:26:49 INFO  ApacheHttpClient.getWebResourceAsStream(485) - responseCode = 200
2019-06-27 16:26:49 INFO  ApacheHttpClient.getWebResourceAsStream(485) - responseCode = 200
2019-06-27 16:26:49 INFO  ApacheHttpClient.getWebResourceAsStream(485) - responseCode = 200
2019-06-27 16:27:04 INFO  ApacheHttpClient.sendEvent(518) - responseCode = 200
2019-06-27 16:27:04 INFO  ApacheHttpClient.sendEvent(518) - responseCode = 200
2019-06-27 16:27:04 INFO  ApacheHttpClient.sendEvent(518) - responseCode = 200
2019-06-27 16:28:04 INFO  ApacheHttpClient.sendEvent(518) - responseCode = 200
2019-06-27 16:28:04 INFO  ApacheHttpClient.sendEvent(518) - responseCode = 200
2019-06-27 16:28:04 INFO  ApacheHttpClient.sendEvent(518) - responseCode = 200
2019-06-27 16:28:14 INFO  ApacheHttpClient.getWebResourceAsStream(485) - responseCode = 200
2019-06-27 16:28:14 INFO  ApacheHttpClient.getWebResourceAsStream(485) - responseCode = 200
2019-06-27 16:28:14 INFO  ApacheHttpClient.getWebResourceAsStream(485) - responseCode = 200
2019-06-27 16:28:15 INFO  ApacheHttpClient.getFilteredTasks(324) - responseCode = 200
2019-06-27 16:28:15 INFO  ApacheHttpClient.getFilteredTasks(324) - responseCode = 200
2019-06-27 16:28:15 INFO  ApacheHttpClient.getFilteredTasks(324) - responseCode = 200
2019-06-27 16:28:23 INFO  ApacheHttpClient.getTaskTemplateInfo(341) - responseCode = 200
2019-06-27 16:28:23 INFO  ApacheHttpClient.getTaskTemplateInfo(341) - responseCode = 200
2019-06-27 16:28:23 INFO  ApacheHttpClient.getTaskTemplateInfo(341) - responseCode = 200
2019-06-27 16:28:24 INFO  ApacheHttpClient.getWebResourceAsStream(485) - responseCode = 200
2019-06-27 16:28:24 INFO  ApacheHttpClient.getWebResourceAsStream(485) - responseCode = 200
2019-06-27 16:28:24 INFO  ApacheHttpClient.getWebResourceAsStream(485) - responseCode = 200
2019-06-27 16:29:04 INFO  ApacheHttpClient.sendEvent(518) - responseCode = 200
2019-06-27 16:29:04 INFO  ApacheHttpClient.sendEvent(518) - responseCode = 200
2019-06-27 16:29:04 INFO  ApacheHttpClient.sendEvent(518) - responseCode = 200
2019-06-27 16:30:04 INFO  ApacheHttpClient.sendEvent(518) - responseCode = 200
2019-06-27 16:30:04 INFO  ApacheHttpClient.sendEvent(518) - responseCode = 200
2019-06-27 16:30:04 INFO  ApacheHttpClient.sendEvent(518) - responseCode = 200
2019-06-27 16:30:34 INFO  ApacheHttpClient.getWebResourceAsStream(485) - responseCode = 200
2019-06-27 16:30:34 INFO  ApacheHttpClient.getWebResourceAsStream(485) - responseCode = 200
2019-06-27 16:30:34 INFO  ApacheHttpClient.getWebResourceAsStream(485) - responseCode = 200
2019-06-27 16:30:35 INFO  ApacheHttpClient.getFilteredTasks(324) - responseCode = 200
2019-06-27 16:30:35 INFO  ApacheHttpClient.getFilteredTasks(324) - responseCode = 200
2019-06-27 16:30:35 INFO  ApacheHttpClient.getFilteredTasks(324) - responseCode = 200
2019-06-27 16:30:40 INFO  ApacheHttpClient.getTaskTemplateInfo(341) - responseCode = 200
2019-06-27 16:30:40 INFO  ApacheHttpClient.getTaskTemplateInfo(341) - responseCode = 200
2019-06-27 16:30:40 INFO  ApacheHttpClient.getTaskTemplateInfo(341) - responseCode = 200
2019-06-27 16:30:41 INFO  ApacheHttpClient.getWebResourceAsStream(485) - responseCode = 200
2019-06-27 16:30:41 INFO  ApacheHttpClient.getWebResourceAsStream(485) - responseCode = 200
2019-06-27 16:30:41 INFO  ApacheHttpClient.getWebResourceAsStream(485) - responseCode = 200
2019-06-27 16:31:04 INFO  ApacheHttpClient.sendEvent(518) - responseCode = 200
2019-06-27 16:31:04 INFO  ApacheHttpClient.sendEvent(518) - responseCode = 200
2019-06-27 16:31:04 INFO  ApacheHttpClient.sendEvent(518) - responseCode = 200
2019-06-27 16:31:42 INFO  ApacheHttpClient.getWebResourceAsStream(485) - responseCode = 200
2019-06-27 16:31:42 INFO  ApacheHttpClient.getWebResourceAsStream(485) - responseCode = 200
2019-06-27 16:31:42 INFO  ApacheHttpClient.getWebResourceAsStream(485) - responseCode = 200
2019-06-27 16:31:43 INFO  ApacheHttpClient.getFilteredTasks(324) - responseCode = 200
2019-06-27 16:31:43 INFO  ApacheHttpClient.getFilteredTasks(324) - responseCode = 200
2019-06-27 16:31:43 INFO  ApacheHttpClient.getFilteredTasks(324) - responseCode = 200
2019-06-27 16:31:47 INFO  ApacheHttpClient.getTaskTemplateInfo(341) - responseCode = 200
2019-06-27 16:31:47 INFO  ApacheHttpClient.getTaskTemplateInfo(341) - responseCode = 200
2019-06-27 16:31:47 INFO  ApacheHttpClient.getTaskTemplateInfo(341) - responseCode = 200
2019-06-27 16:31:47 INFO  ApacheHttpClient.getWebResourceAsStream(485) - responseCode = 200
2019-06-27 16:31:47 INFO  ApacheHttpClient.getWebResourceAsStream(485) - responseCode = 200
2019-06-27 16:31:47 INFO  ApacheHttpClient.getWebResourceAsStream(485) - responseCode = 200
2019-06-27 16:32:04 INFO  ApacheHttpClient.sendEvent(518) - responseCode = 200
2019-06-27 16:32:04 INFO  ApacheHttpClient.sendEvent(518) - responseCode = 200
2019-06-27 16:32:04 INFO  ApacheHttpClient.sendEvent(518) - responseCode = 200
2019-06-27 16:32:54 INFO  PluginTasksProjectComponent.projectClosing(188) - ---------- Project closed ----------

2019-06-27 16:32:54 INFO  PluginTasksProjectComponent.projectClosing(188) - ---------- Project closed ----------

2019-06-27 16:32:54 INFO  PluginTasksProjectComponent.projectClosing(188) - ---------- Project closed ----------

2019-06-27 16:32:54 INFO  ApacheHttpClient.getTask(471) - responseCode = 200
2019-06-27 16:32:54 INFO  ApacheHttpClient.getTask(471) - responseCode = 200
2019-06-27 16:32:54 INFO  ApacheHttpClient.getTask(471) - responseCode = 200
2019-06-27 16:32:55 INFO  ApacheHttpClient.getTask(471) - responseCode = 200
2019-06-27 16:32:55 INFO  ApacheHttpClient.getTask(471) - responseCode = 200
2019-06-27 16:32:55 INFO  ApacheHttpClient.getTask(471) - responseCode = 200
2019-06-27 16:32:55 INFO  ApacheHttpClient.getTask(471) - responseCode = 200
2019-06-27 16:32:55 INFO  ApacheHttpClient.getTask(471) - responseCode = 200
2019-06-27 16:32:55 INFO  ApacheHttpClient.getTask(471) - responseCode = 200
2019-06-27 16:32:56 INFO  ApacheHttpClient.getTask(471) - responseCode = 200
2019-06-27 16:32:56 INFO  ApacheHttpClient.getTask(471) - responseCode = 200
2019-06-27 16:32:56 INFO  ApacheHttpClient.getTask(471) - responseCode = 200
2019-06-27 16:32:56 INFO  ApacheHttpClient.getTask(471) - responseCode = 200
2019-06-27 16:32:56 INFO  ApacheHttpClient.getTask(471) - responseCode = 200
2019-06-27 16:32:56 INFO  ApacheHttpClient.getTask(471) - responseCode = 200
2019-06-27 16:32:57 INFO  ApacheHttpClient.getTask(471) - responseCode = 200
2019-06-27 16:32:57 INFO  ApacheHttpClient.getTask(471) - responseCode = 200
2019-06-27 16:32:57 INFO  ApacheHttpClient.getTask(471) - responseCode = 200
2019-06-27 16:32:57 INFO  ApacheHttpClient.getTask(471) - responseCode = 200
2019-06-27 16:32:57 INFO  ApacheHttpClient.getTask(471) - responseCode = 200
2019-06-27 16:32:57 INFO  ApacheHttpClient.getTask(471) - responseCode = 200
2019-06-27 16:32:57 INFO  ApacheHttpClient.getTask(471) - responseCode = 200
2019-06-27 16:32:57 INFO  ApacheHttpClient.getTask(471) - responseCode = 200
2019-06-27 16:32:57 INFO  ApacheHttpClient.getTask(471) - responseCode = 200
2019-06-27 16:32:57 INFO  ApacheHttpClient.getTask(471) - responseCode = 200
2019-06-27 16:32:57 INFO  ApacheHttpClient.getTask(471) - responseCode = 200
2019-06-27 16:32:57 INFO  ApacheHttpClient.getTask(471) - responseCode = 200
2019-06-27 16:32:57 INFO  ApacheHttpClient.getTask(471) - responseCode = 200
2019-06-27 16:32:57 INFO  ApacheHttpClient.getTask(471) - responseCode = 200
2019-06-27 16:32:57 INFO  ApacheHttpClient.getTask(471) - responseCode = 200
2019-06-27 16:32:57 INFO  ApacheHttpClient.getTask(471) - responseCode = 200
2019-06-27 16:32:57 INFO  ApacheHttpClient.getTask(471) - responseCode = 200
2019-06-27 16:32:57 INFO  ApacheHttpClient.getTask(471) - responseCode = 200
2019-06-27 16:32:58 INFO  ApacheHttpClient.getTask(471) - responseCode = 200
2019-06-27 16:32:58 INFO  ApacheHttpClient.getTask(471) - responseCode = 200
2019-06-27 16:32:58 INFO  ApacheHttpClient.getTask(471) - responseCode = 200
2019-06-27 16:32:58 INFO  ApacheHttpClient.getTask(471) - responseCode = 200
2019-06-27 16:32:58 INFO  ApacheHttpClient.getTask(471) - responseCode = 200
2019-06-27 16:32:58 INFO  ApacheHttpClient.getTask(471) - responseCode = 200
2019-06-27 16:33:44 INFO  PluginTasksProjectComponent.projectOpened(77) - ---------- Project opened ----------
2019-06-27 16:33:44 INFO  PluginTasksProjectComponent.projectOpened(77) - ---------- Project opened ----------
2019-06-27 16:33:44 INFO  PluginTasksProjectComponent.projectOpened(77) - ---------- Project opened ----------
2019-06-27 16:33:44 INFO  PluginTasksProjectComponent.projectOpened(77) - ---------- Project opened ----------
2019-06-27 16:33:44 INFO  PluginTasksProjectComponent.projectOpened(78) - ---------- Version 3.31 ----------

2019-06-27 16:33:44 INFO  PluginTasksProjectComponent.projectOpened(78) - ---------- Version 3.31 ----------

2019-06-27 16:33:44 INFO  PluginTasksProjectComponent.projectOpened(78) - ---------- Version 3.31 ----------

2019-06-27 16:33:44 INFO  PluginTasksProjectComponent.projectOpened(78) - ---------- Version 3.31 ----------

2019-06-27 16:33:44 WARN  PluginTasksProjectComponent.setAutoscrolls(370) - Error while setting autoscrolls
2019-06-27 16:33:44 WARN  PluginTasksProjectComponent.setAutoscrolls(370) - Error while setting autoscrolls
2019-06-27 16:33:44 WARN  PluginTasksProjectComponent.setAutoscrolls(370) - Error while setting autoscrolls
2019-06-27 16:33:44 WARN  PluginTasksProjectComponent.setAutoscrolls(370) - Error while setting autoscrolls
2019-06-27 16:33:49 INFO  ApacheHttpClient.isSessionAppropriateWithSecretKey(585) - Waiting for server response.
2019-06-27 16:33:49 INFO  ApacheHttpClient.isSessionAppropriateWithSecretKey(585) - Waiting for server response.
2019-06-27 16:33:49 INFO  ApacheHttpClient.isSessionAppropriateWithSecretKey(585) - Waiting for server response.
2019-06-27 16:33:49 INFO  ApacheHttpClient.isSessionAppropriateWithSecretKey(585) - Waiting for server response.
2019-06-27 16:33:49 INFO  ApacheHttpClient.isSessionAppropriateWithSecretKey(585) - Waiting for server response.
2019-06-27 16:33:49 INFO  ApacheHttpClient.isSessionAppropriateWithSecretKey(585) - Waiting for server response.
2019-06-27 16:33:49 INFO  ApacheHttpClient.isSessionAppropriateWithSecretKey(585) - Waiting for server response.
2019-06-27 16:33:49 INFO  ApacheHttpClient.isSessionAppropriateWithSecretKey(585) - Waiting for server response.
2019-06-27 16:33:50 INFO  ApacheHttpClient.refreshUserInfo(293) - responseCode = 200
2019-06-27 16:33:50 INFO  ApacheHttpClient.refreshUserInfo(293) - responseCode = 200
2019-06-27 16:33:50 INFO  ApacheHttpClient.refreshUserInfo(293) - responseCode = 200
2019-06-27 16:33:50 INFO  ApacheHttpClient.refreshUserInfo(293) - responseCode = 200
2019-06-27 16:33:50 INFO  ApacheHttpClient.refreshUserInfo(299) - User information received.
2019-06-27 16:33:50 INFO  ApacheHttpClient.refreshUserInfo(299) - User information received.
2019-06-27 16:33:50 INFO  ApacheHttpClient.refreshUserInfo(299) - User information received.
2019-06-27 16:33:50 INFO  ApacheHttpClient.refreshUserInfo(299) - User information received.
2019-06-27 16:33:50 INFO  ApacheHttpClient.startGA(35) - GAService started.
2019-06-27 16:33:50 INFO  ApacheHttpClient.startGA(35) - GAService started.
2019-06-27 16:33:50 INFO  ApacheHttpClient.startGA(35) - GAService started.
2019-06-27 16:33:50 INFO  ApacheHttpClient.startGA(35) - GAService started.
2019-06-27 16:33:50 INFO  AbstractRestApiClient.startService(71) - EventsService started.
2019-06-27 16:33:50 INFO  AbstractRestApiClient.startService(71) - EventsService started.
2019-06-27 16:33:50 INFO  AbstractRestApiClient.startService(71) - EventsService started.
2019-06-27 16:33:50 INFO  AbstractRestApiClient.startService(71) - EventsService started.
2019-06-27 16:33:50 INFO  ApacheHttpClient.getWebResourceAsStream(485) - responseCode = 200
2019-06-27 16:33:50 INFO  ApacheHttpClient.getWebResourceAsStream(485) - responseCode = 200
2019-06-27 16:33:50 INFO  ApacheHttpClient.getWebResourceAsStream(485) - responseCode = 200
2019-06-27 16:33:50 INFO  ApacheHttpClient.getWebResourceAsStream(485) - responseCode = 200
2019-06-27 16:33:59 INFO  ApacheHttpClient.getWebResourceAsStream(485) - responseCode = 200
2019-06-27 16:33:59 INFO  ApacheHttpClient.getWebResourceAsStream(485) - responseCode = 200
2019-06-27 16:33:59 INFO  ApacheHttpClient.getWebResourceAsStream(485) - responseCode = 200
2019-06-27 16:33:59 INFO  ApacheHttpClient.getWebResourceAsStream(485) - responseCode = 200
2019-06-27 16:34:00 INFO  ApacheHttpClient.getFilteredTasks(324) - responseCode = 200
2019-06-27 16:34:00 INFO  ApacheHttpClient.getFilteredTasks(324) - responseCode = 200
2019-06-27 16:34:00 INFO  ApacheHttpClient.getFilteredTasks(324) - responseCode = 200
2019-06-27 16:34:00 INFO  ApacheHttpClient.getFilteredTasks(324) - responseCode = 200
2019-06-27 16:34:07 INFO  ApacheHttpClient.getFilteredTasks(324) - responseCode = 200
2019-06-27 16:34:07 INFO  ApacheHttpClient.getFilteredTasks(324) - responseCode = 200
2019-06-27 16:34:07 INFO  ApacheHttpClient.getFilteredTasks(324) - responseCode = 200
2019-06-27 16:34:07 INFO  ApacheHttpClient.getFilteredTasks(324) - responseCode = 200
2019-06-27 16:34:16 INFO  ApacheHttpClient.getFilteredTasks(324) - responseCode = 200
2019-06-27 16:34:16 INFO  ApacheHttpClient.getFilteredTasks(324) - responseCode = 200
2019-06-27 16:34:16 INFO  ApacheHttpClient.getFilteredTasks(324) - responseCode = 200
2019-06-27 16:34:16 INFO  ApacheHttpClient.getFilteredTasks(324) - responseCode = 200
2019-06-27 16:34:29 INFO  ApacheHttpClient.getFilteredTasks(324) - responseCode = 200
2019-06-27 16:34:29 INFO  ApacheHttpClient.getFilteredTasks(324) - responseCode = 200
2019-06-27 16:34:29 INFO  ApacheHttpClient.getFilteredTasks(324) - responseCode = 200
2019-06-27 16:34:29 INFO  ApacheHttpClient.getFilteredTasks(324) - responseCode = 200
2019-06-27 16:34:50 INFO  ApacheHttpClient.sendEvent(518) - responseCode = 200
2019-06-27 16:34:50 INFO  ApacheHttpClient.sendEvent(518) - responseCode = 200
2019-06-27 16:34:50 INFO  ApacheHttpClient.sendEvent(518) - responseCode = 200
2019-06-27 16:34:50 INFO  ApacheHttpClient.sendEvent(518) - responseCode = 200
2019-06-27 16:34:56 INFO  ApacheHttpClient.getTaskTemplateInfo(341) - responseCode = 200
2019-06-27 16:34:56 INFO  ApacheHttpClient.getTaskTemplateInfo(341) - responseCode = 200
2019-06-27 16:34:56 INFO  ApacheHttpClient.getTaskTemplateInfo(341) - responseCode = 200
2019-06-27 16:34:56 INFO  ApacheHttpClient.getTaskTemplateInfo(341) - responseCode = 200
2019-06-27 16:34:57 INFO  ApacheHttpClient.getWebResourceAsStream(485) - responseCode = 200
2019-06-27 16:34:57 INFO  ApacheHttpClient.getWebResourceAsStream(485) - responseCode = 200
2019-06-27 16:34:57 INFO  ApacheHttpClient.getWebResourceAsStream(485) - responseCode = 200
2019-06-27 16:34:57 INFO  ApacheHttpClient.getWebResourceAsStream(485) - responseCode = 200
2019-06-27 16:35:14 INFO  PluginTasksProjectComponent.projectClosing(188) - ---------- Project closed ----------

2019-06-27 16:35:14 INFO  PluginTasksProjectComponent.projectClosing(188) - ---------- Project closed ----------

2019-06-27 16:35:14 INFO  PluginTasksProjectComponent.projectClosing(188) - ---------- Project closed ----------

2019-06-27 16:35:14 INFO  PluginTasksProjectComponent.projectClosing(188) - ---------- Project closed ----------

2019-06-27 16:35:14 INFO  ApacheHttpClient.getTask(471) - responseCode = 200
2019-06-27 16:35:14 INFO  ApacheHttpClient.getTask(471) - responseCode = 200
2019-06-27 16:35:14 INFO  ApacheHttpClient.getTask(471) - responseCode = 200
2019-06-27 16:35:14 INFO  ApacheHttpClient.getTask(471) - responseCode = 200
2019-06-27 16:35:14 INFO  ApacheHttpClient.getTask(471) - responseCode = 200
2019-06-27 16:35:14 INFO  ApacheHttpClient.getTask(471) - responseCode = 200
2019-06-27 16:35:14 INFO  ApacheHttpClient.getTask(471) - responseCode = 200
2019-06-27 16:35:14 INFO  ApacheHttpClient.getTask(471) - responseCode = 200
2019-06-27 16:37:16 INFO  PluginTasksProjectComponent.projectOpened(77) - ---------- Project opened ----------
2019-06-27 16:37:16 INFO  PluginTasksProjectComponent.projectOpened(77) - ---------- Project opened ----------
2019-06-27 16:37:16 INFO  PluginTasksProjectComponent.projectOpened(77) - ---------- Project opened ----------
2019-06-27 16:37:16 INFO  PluginTasksProjectComponent.projectOpened(77) - ---------- Project opened ----------
2019-06-27 16:37:16 INFO  PluginTasksProjectComponent.projectOpened(77) - ---------- Project opened ----------
2019-06-27 16:37:16 INFO  PluginTasksProjectComponent.projectOpened(78) - ---------- Version 3.31 ----------

2019-06-27 16:37:16 INFO  PluginTasksProjectComponent.projectOpened(78) - ---------- Version 3.31 ----------

2019-06-27 16:37:16 INFO  PluginTasksProjectComponent.projectOpened(78) - ---------- Version 3.31 ----------

2019-06-27 16:37:16 INFO  PluginTasksProjectComponent.projectOpened(78) - ---------- Version 3.31 ----------

2019-06-27 16:37:16 INFO  PluginTasksProjectComponent.projectOpened(78) - ---------- Version 3.31 ----------

2019-06-27 16:37:16 WARN  PluginTasksProjectComponent.setAutoscrolls(370) - Error while setting autoscrolls
2019-06-27 16:37:16 WARN  PluginTasksProjectComponent.setAutoscrolls(370) - Error while setting autoscrolls
2019-06-27 16:37:16 WARN  PluginTasksProjectComponent.setAutoscrolls(370) - Error while setting autoscrolls
2019-06-27 16:37:16 WARN  PluginTasksProjectComponent.setAutoscrolls(370) - Error while setting autoscrolls
2019-06-27 16:37:16 WARN  PluginTasksProjectComponent.setAutoscrolls(370) - Error while setting autoscrolls
2019-06-27 16:37:25 INFO  ApacheHttpClient.isSessionAppropriateWithSecretKey(585) - Waiting for server response.
2019-06-27 16:37:25 INFO  ApacheHttpClient.isSessionAppropriateWithSecretKey(585) - Waiting for server response.
2019-06-27 16:37:25 INFO  ApacheHttpClient.isSessionAppropriateWithSecretKey(585) - Waiting for server response.
2019-06-27 16:37:25 INFO  ApacheHttpClient.isSessionAppropriateWithSecretKey(585) - Waiting for server response.
2019-06-27 16:37:25 INFO  ApacheHttpClient.isSessionAppropriateWithSecretKey(585) - Waiting for server response.
2019-06-27 16:37:25 INFO  ApacheHttpClient.isSessionAppropriateWithSecretKey(585) - Waiting for server response.
2019-06-27 16:37:25 INFO  ApacheHttpClient.isSessionAppropriateWithSecretKey(585) - Waiting for server response.
2019-06-27 16:37:25 INFO  ApacheHttpClient.isSessionAppropriateWithSecretKey(585) - Waiting for server response.
2019-06-27 16:37:25 INFO  ApacheHttpClient.isSessionAppropriateWithSecretKey(585) - Waiting for server response.
2019-06-27 16:37:25 INFO  ApacheHttpClient.isSessionAppropriateWithSecretKey(585) - Waiting for server response.
2019-06-27 16:37:26 INFO  ApacheHttpClient.refreshUserInfo(293) - responseCode = 200
2019-06-27 16:37:26 INFO  ApacheHttpClient.refreshUserInfo(293) - responseCode = 200
2019-06-27 16:37:26 INFO  ApacheHttpClient.refreshUserInfo(293) - responseCode = 200
2019-06-27 16:37:26 INFO  ApacheHttpClient.refreshUserInfo(293) - responseCode = 200
2019-06-27 16:37:26 INFO  ApacheHttpClient.refreshUserInfo(293) - responseCode = 200
2019-06-27 16:37:26 INFO  ApacheHttpClient.refreshUserInfo(299) - User information received.
2019-06-27 16:37:26 INFO  ApacheHttpClient.refreshUserInfo(299) - User information received.
2019-06-27 16:37:26 INFO  ApacheHttpClient.refreshUserInfo(299) - User information received.
2019-06-27 16:37:26 INFO  ApacheHttpClient.refreshUserInfo(299) - User information received.
2019-06-27 16:37:26 INFO  ApacheHttpClient.refreshUserInfo(299) - User information received.
2019-06-27 16:37:26 INFO  ApacheHttpClient.startGA(35) - GAService started.
2019-06-27 16:37:26 INFO  ApacheHttpClient.startGA(35) - GAService started.
2019-06-27 16:37:26 INFO  ApacheHttpClient.startGA(35) - GAService started.
2019-06-27 16:37:26 INFO  ApacheHttpClient.startGA(35) - GAService started.
2019-06-27 16:37:26 INFO  ApacheHttpClient.startGA(35) - GAService started.
2019-06-27 16:37:26 INFO  AbstractRestApiClient.startService(71) - EventsService started.
2019-06-27 16:37:26 INFO  AbstractRestApiClient.startService(71) - EventsService started.
2019-06-27 16:37:26 INFO  AbstractRestApiClient.startService(71) - EventsService started.
2019-06-27 16:37:26 INFO  AbstractRestApiClient.startService(71) - EventsService started.
2019-06-27 16:37:26 INFO  AbstractRestApiClient.startService(71) - EventsService started.
2019-06-27 16:37:27 INFO  ApacheHttpClient.getWebResourceAsStream(485) - responseCode = 200
2019-06-27 16:37:27 INFO  ApacheHttpClient.getWebResourceAsStream(485) - responseCode = 200
2019-06-27 16:37:27 INFO  ApacheHttpClient.getWebResourceAsStream(485) - responseCode = 200
2019-06-27 16:37:27 INFO  ApacheHttpClient.getWebResourceAsStream(485) - responseCode = 200
2019-06-27 16:37:27 INFO  ApacheHttpClient.getWebResourceAsStream(485) - responseCode = 200
2019-06-27 16:38:07 INFO  ApacheHttpClient.getWebResourceAsStream(485) - responseCode = 200
2019-06-27 16:38:07 INFO  ApacheHttpClient.getWebResourceAsStream(485) - responseCode = 200
2019-06-27 16:38:07 INFO  ApacheHttpClient.getWebResourceAsStream(485) - responseCode = 200
2019-06-27 16:38:07 INFO  ApacheHttpClient.getWebResourceAsStream(485) - responseCode = 200
2019-06-27 16:38:07 INFO  ApacheHttpClient.getWebResourceAsStream(485) - responseCode = 200
2019-06-27 16:38:10 INFO  ApacheHttpClient.getFilteredTasks(324) - responseCode = 200
2019-06-27 16:38:10 INFO  ApacheHttpClient.getFilteredTasks(324) - responseCode = 200
2019-06-27 16:38:10 INFO  ApacheHttpClient.getFilteredTasks(324) - responseCode = 200
2019-06-27 16:38:10 INFO  ApacheHttpClient.getFilteredTasks(324) - responseCode = 200
2019-06-27 16:38:10 INFO  ApacheHttpClient.getFilteredTasks(324) - responseCode = 200
2019-06-27 16:38:26 INFO  ApacheHttpClient.sendEvent(518) - responseCode = 200
2019-06-27 16:38:26 INFO  ApacheHttpClient.sendEvent(518) - responseCode = 200
2019-06-27 16:38:26 INFO  ApacheHttpClient.sendEvent(518) - responseCode = 200
2019-06-27 16:38:26 INFO  ApacheHttpClient.sendEvent(518) - responseCode = 200
2019-06-27 16:38:26 INFO  ApacheHttpClient.sendEvent(518) - responseCode = 200
2019-06-27 16:38:30 INFO  ApacheHttpClient.getFilteredTasks(324) - responseCode = 200
2019-06-27 16:38:30 INFO  ApacheHttpClient.getFilteredTasks(324) - responseCode = 200
2019-06-27 16:38:30 INFO  ApacheHttpClient.getFilteredTasks(324) - responseCode = 200
2019-06-27 16:38:30 INFO  ApacheHttpClient.getFilteredTasks(324) - responseCode = 200
2019-06-27 16:38:30 INFO  ApacheHttpClient.getFilteredTasks(324) - responseCode = 200
2019-06-27 16:38:37 INFO  ApacheHttpClient.getTaskTemplateInfo(341) - responseCode = 200
2019-06-27 16:38:37 INFO  ApacheHttpClient.getTaskTemplateInfo(341) - responseCode = 200
2019-06-27 16:38:37 INFO  ApacheHttpClient.getTaskTemplateInfo(341) - responseCode = 200
2019-06-27 16:38:37 INFO  ApacheHttpClient.getTaskTemplateInfo(341) - responseCode = 200
2019-06-27 16:38:37 INFO  ApacheHttpClient.getTaskTemplateInfo(341) - responseCode = 200
2019-06-27 16:38:45 INFO  ApacheHttpClient.getWebResourceAsStream(485) - responseCode = 200
2019-06-27 16:38:45 INFO  ApacheHttpClient.getWebResourceAsStream(485) - responseCode = 200
2019-06-27 16:38:45 INFO  ApacheHttpClient.getWebResourceAsStream(485) - responseCode = 200
2019-06-27 16:38:45 INFO  ApacheHttpClient.getWebResourceAsStream(485) - responseCode = 200
2019-06-27 16:38:45 INFO  ApacheHttpClient.getWebResourceAsStream(485) - responseCode = 200
2019-06-27 16:39:26 INFO  ApacheHttpClient.sendEvent(518) - responseCode = 200
2019-06-27 16:39:26 INFO  ApacheHttpClient.sendEvent(518) - responseCode = 200
2019-06-27 16:39:26 INFO  ApacheHttpClient.sendEvent(518) - responseCode = 200
2019-06-27 16:39:26 INFO  ApacheHttpClient.sendEvent(518) - responseCode = 200
2019-06-27 16:39:26 INFO  ApacheHttpClient.sendEvent(518) - responseCode = 200
2019-06-27 16:39:43 INFO  ApacheHttpClient.getWebResourceAsStream(485) - responseCode = 200
2019-06-27 16:39:43 INFO  ApacheHttpClient.getWebResourceAsStream(485) - responseCode = 200
2019-06-27 16:39:43 INFO  ApacheHttpClient.getWebResourceAsStream(485) - responseCode = 200
2019-06-27 16:39:43 INFO  ApacheHttpClient.getWebResourceAsStream(485) - responseCode = 200
2019-06-27 16:39:43 INFO  ApacheHttpClient.getWebResourceAsStream(485) - responseCode = 200
2019-06-27 16:39:45 INFO  ApacheHttpClient.getFilteredTasks(324) - responseCode = 200
2019-06-27 16:39:45 INFO  ApacheHttpClient.getFilteredTasks(324) - responseCode = 200
2019-06-27 16:39:45 INFO  ApacheHttpClient.getFilteredTasks(324) - responseCode = 200
2019-06-27 16:39:45 INFO  ApacheHttpClient.getFilteredTasks(324) - responseCode = 200
2019-06-27 16:39:45 INFO  ApacheHttpClient.getFilteredTasks(324) - responseCode = 200
2019-06-27 16:39:53 INFO  ApacheHttpClient.getFilteredTasks(324) - responseCode = 200
2019-06-27 16:39:53 INFO  ApacheHttpClient.getFilteredTasks(324) - responseCode = 200
2019-06-27 16:39:53 INFO  ApacheHttpClient.getFilteredTasks(324) - responseCode = 200
2019-06-27 16:39:53 INFO  ApacheHttpClient.getFilteredTasks(324) - responseCode = 200
2019-06-27 16:39:53 INFO  ApacheHttpClient.getFilteredTasks(324) - responseCode = 200
2019-06-27 16:39:59 INFO  ApacheHttpClient.getFilteredTasks(324) - responseCode = 200
2019-06-27 16:39:59 INFO  ApacheHttpClient.getFilteredTasks(324) - responseCode = 200
2019-06-27 16:39:59 INFO  ApacheHttpClient.getFilteredTasks(324) - responseCode = 200
2019-06-27 16:39:59 INFO  ApacheHttpClient.getFilteredTasks(324) - responseCode = 200
2019-06-27 16:39:59 INFO  ApacheHttpClient.getFilteredTasks(324) - responseCode = 200
2019-06-27 16:40:07 INFO  ApacheHttpClient.getFilteredTasks(324) - responseCode = 200
2019-06-27 16:40:07 INFO  ApacheHttpClient.getFilteredTasks(324) - responseCode = 200
2019-06-27 16:40:07 INFO  ApacheHttpClient.getFilteredTasks(324) - responseCode = 200
2019-06-27 16:40:07 INFO  ApacheHttpClient.getFilteredTasks(324) - responseCode = 200
2019-06-27 16:40:07 INFO  ApacheHttpClient.getFilteredTasks(324) - responseCode = 200
2019-06-27 16:40:23 INFO  ApacheHttpClient.getTaskTemplateInfo(341) - responseCode = 200
2019-06-27 16:40:23 INFO  ApacheHttpClient.getTaskTemplateInfo(341) - responseCode = 200
2019-06-27 16:40:23 INFO  ApacheHttpClient.getTaskTemplateInfo(341) - responseCode = 200
2019-06-27 16:40:23 INFO  ApacheHttpClient.getTaskTemplateInfo(341) - responseCode = 200
2019-06-27 16:40:23 INFO  ApacheHttpClient.getTaskTemplateInfo(341) - responseCode = 200
2019-06-27 16:40:26 INFO  ApacheHttpClient.sendEvent(518) - responseCode = 200
2019-06-27 16:40:26 INFO  ApacheHttpClient.sendEvent(518) - responseCode = 200
2019-06-27 16:40:26 INFO  ApacheHttpClient.sendEvent(518) - responseCode = 200
2019-06-27 16:40:26 INFO  ApacheHttpClient.sendEvent(518) - responseCode = 200
2019-06-27 16:40:26 INFO  ApacheHttpClient.sendEvent(518) - responseCode = 200
2019-06-27 16:40:38 INFO  ApacheHttpClient.getWebResourceAsStream(485) - responseCode = 200
2019-06-27 16:40:38 INFO  ApacheHttpClient.getWebResourceAsStream(485) - responseCode = 200
2019-06-27 16:40:38 INFO  ApacheHttpClient.getWebResourceAsStream(485) - responseCode = 200
2019-06-27 16:40:38 INFO  ApacheHttpClient.getWebResourceAsStream(485) - responseCode = 200
2019-06-27 16:40:38 INFO  ApacheHttpClient.getWebResourceAsStream(485) - responseCode = 200
2019-06-27 16:40:40 INFO  ApacheHttpClient.getFilteredTasks(324) - responseCode = 200
2019-06-27 16:40:40 INFO  ApacheHttpClient.getFilteredTasks(324) - responseCode = 200
2019-06-27 16:40:40 INFO  ApacheHttpClient.getFilteredTasks(324) - responseCode = 200
2019-06-27 16:40:40 INFO  ApacheHttpClient.getFilteredTasks(324) - responseCode = 200
2019-06-27 16:40:40 INFO  ApacheHttpClient.getFilteredTasks(324) - responseCode = 200
2019-06-27 16:40:42 INFO  ApacheHttpClient.getTaskTemplateInfo(341) - responseCode = 200
2019-06-27 16:40:42 INFO  ApacheHttpClient.getTaskTemplateInfo(341) - responseCode = 200
2019-06-27 16:40:42 INFO  ApacheHttpClient.getTaskTemplateInfo(341) - responseCode = 200
2019-06-27 16:40:42 INFO  ApacheHttpClient.getTaskTemplateInfo(341) - responseCode = 200
2019-06-27 16:40:42 INFO  ApacheHttpClient.getTaskTemplateInfo(341) - responseCode = 200
2019-06-27 16:41:24 INFO  ApacheHttpClient.getWebResourceAsStream(485) - responseCode = 200
2019-06-27 16:41:24 INFO  ApacheHttpClient.getWebResourceAsStream(485) - responseCode = 200
2019-06-27 16:41:24 INFO  ApacheHttpClient.getWebResourceAsStream(485) - responseCode = 200
2019-06-27 16:41:24 INFO  ApacheHttpClient.getWebResourceAsStream(485) - responseCode = 200
2019-06-27 16:41:24 INFO  ApacheHttpClient.getWebResourceAsStream(485) - responseCode = 200
2019-06-27 16:41:26 INFO  ApacheHttpClient.getFilteredTasks(324) - responseCode = 200
2019-06-27 16:41:26 INFO  ApacheHttpClient.getFilteredTasks(324) - responseCode = 200
2019-06-27 16:41:26 INFO  ApacheHttpClient.getFilteredTasks(324) - responseCode = 200
2019-06-27 16:41:26 INFO  ApacheHttpClient.getFilteredTasks(324) - responseCode = 200
2019-06-27 16:41:26 INFO  ApacheHttpClient.getFilteredTasks(324) - responseCode = 200
2019-06-27 16:41:26 INFO  ApacheHttpClient.sendEvent(518) - responseCode = 200
2019-06-27 16:41:26 INFO  ApacheHttpClient.sendEvent(518) - responseCode = 200
2019-06-27 16:41:26 INFO  ApacheHttpClient.sendEvent(518) - responseCode = 200
2019-06-27 16:41:26 INFO  ApacheHttpClient.sendEvent(518) - responseCode = 200
2019-06-27 16:41:26 INFO  ApacheHttpClient.sendEvent(518) - responseCode = 200
2019-06-27 16:41:26 INFO  ApacheHttpClient.sendEvent(518) - responseCode = 200
2019-06-27 16:41:26 INFO  ApacheHttpClient.sendEvent(518) - responseCode = 200
2019-06-27 16:41:26 INFO  ApacheHttpClient.sendEvent(518) - responseCode = 200
2019-06-27 16:41:26 INFO  ApacheHttpClient.sendEvent(518) - responseCode = 200
2019-06-27 16:41:26 INFO  ApacheHttpClient.sendEvent(518) - responseCode = 200
2019-06-27 16:41:29 INFO  ApacheHttpClient.getTaskTemplateInfo(341) - responseCode = 200
2019-06-27 16:41:29 INFO  ApacheHttpClient.getTaskTemplateInfo(341) - responseCode = 200
2019-06-27 16:41:29 INFO  ApacheHttpClient.getTaskTemplateInfo(341) - responseCode = 200
2019-06-27 16:41:29 INFO  ApacheHttpClient.getTaskTemplateInfo(341) - responseCode = 200
2019-06-27 16:41:29 INFO  ApacheHttpClient.getTaskTemplateInfo(341) - responseCode = 200
2019-06-27 16:41:40 INFO  ApacheHttpClient.getWebResourceAsStream(485) - responseCode = 200
2019-06-27 16:41:40 INFO  ApacheHttpClient.getWebResourceAsStream(485) - responseCode = 200
2019-06-27 16:41:40 INFO  ApacheHttpClient.getWebResourceAsStream(485) - responseCode = 200
2019-06-27 16:41:40 INFO  ApacheHttpClient.getWebResourceAsStream(485) - responseCode = 200
2019-06-27 16:41:40 INFO  ApacheHttpClient.getWebResourceAsStream(485) - responseCode = 200
2019-06-27 16:41:41 INFO  ApacheHttpClient.getFilteredTasks(324) - responseCode = 200
2019-06-27 16:41:41 INFO  ApacheHttpClient.getFilteredTasks(324) - responseCode = 200
2019-06-27 16:41:41 INFO  ApacheHttpClient.getFilteredTasks(324) - responseCode = 200
2019-06-27 16:41:41 INFO  ApacheHttpClient.getFilteredTasks(324) - responseCode = 200
2019-06-27 16:41:41 INFO  ApacheHttpClient.getFilteredTasks(324) - responseCode = 200
2019-06-27 16:41:45 INFO  ApacheHttpClient.getTaskTemplateInfo(341) - responseCode = 200
2019-06-27 16:41:45 INFO  ApacheHttpClient.getTaskTemplateInfo(341) - responseCode = 200
2019-06-27 16:41:45 INFO  ApacheHttpClient.getTaskTemplateInfo(341) - responseCode = 200
2019-06-27 16:41:45 INFO  ApacheHttpClient.getTaskTemplateInfo(341) - responseCode = 200
2019-06-27 16:41:45 INFO  ApacheHttpClient.getTaskTemplateInfo(341) - responseCode = 200
2019-06-27 16:41:47 INFO  ApacheHttpClient.getWebResourceAsStream(485) - responseCode = 200
2019-06-27 16:41:47 INFO  ApacheHttpClient.getWebResourceAsStream(485) - responseCode = 200
2019-06-27 16:41:47 INFO  ApacheHttpClient.getWebResourceAsStream(485) - responseCode = 200
2019-06-27 16:41:47 INFO  ApacheHttpClient.getWebResourceAsStream(485) - responseCode = 200
2019-06-27 16:41:47 INFO  ApacheHttpClient.getWebResourceAsStream(485) - responseCode = 200
2019-06-27 16:41:47 INFO  ApacheHttpClient.getTaskTemplateInfo(341) - responseCode = 200
2019-06-27 16:41:47 INFO  ApacheHttpClient.getTaskTemplateInfo(341) - responseCode = 200
2019-06-27 16:41:47 INFO  ApacheHttpClient.getTaskTemplateInfo(341) - responseCode = 200
2019-06-27 16:41:47 INFO  ApacheHttpClient.getTaskTemplateInfo(341) - responseCode = 200
2019-06-27 16:41:47 INFO  ApacheHttpClient.getTaskTemplateInfo(341) - responseCode = 200
2019-06-27 16:41:47 INFO  ApacheHttpClient.getWebResourceAsStream(485) - responseCode = 200
2019-06-27 16:41:47 INFO  ApacheHttpClient.getWebResourceAsStream(485) - responseCode = 200
2019-06-27 16:41:47 INFO  ApacheHttpClient.getWebResourceAsStream(485) - responseCode = 200
2019-06-27 16:41:47 INFO  ApacheHttpClient.getWebResourceAsStream(485) - responseCode = 200
2019-06-27 16:41:47 INFO  ApacheHttpClient.getWebResourceAsStream(485) - responseCode = 200
2019-06-27 16:42:26 INFO  ApacheHttpClient.sendEvent(518) - responseCode = 200
2019-06-27 16:42:26 INFO  ApacheHttpClient.sendEvent(518) - responseCode = 200
2019-06-27 16:42:26 INFO  ApacheHttpClient.sendEvent(518) - responseCode = 200
2019-06-27 16:42:26 INFO  ApacheHttpClient.sendEvent(518) - responseCode = 200
2019-06-27 16:42:26 INFO  ApacheHttpClient.sendEvent(518) - responseCode = 200
2019-06-27 16:43:26 INFO  ApacheHttpClient.sendEvent(518) - responseCode = 200
2019-06-27 16:43:26 INFO  ApacheHttpClient.sendEvent(518) - responseCode = 200
2019-06-27 16:43:26 INFO  ApacheHttpClient.sendEvent(518) - responseCode = 200
2019-06-27 16:43:26 INFO  ApacheHttpClient.sendEvent(518) - responseCode = 200
2019-06-27 16:43:26 INFO  ApacheHttpClient.sendEvent(518) - responseCode = 200
2019-06-27 16:44:26 INFO  ApacheHttpClient.sendEvent(518) - responseCode = 200
2019-06-27 16:44:26 INFO  ApacheHttpClient.sendEvent(518) - responseCode = 200
2019-06-27 16:44:26 INFO  ApacheHttpClient.sendEvent(518) - responseCode = 200
2019-06-27 16:44:26 INFO  ApacheHttpClient.sendEvent(518) - responseCode = 200
2019-06-27 16:44:26 INFO  ApacheHttpClient.sendEvent(518) - responseCode = 200
2019-06-27 16:45:26 INFO  ApacheHttpClient.sendEvent(518) - responseCode = 200
2019-06-27 16:45:26 INFO  ApacheHttpClient.sendEvent(518) - responseCode = 200
2019-06-27 16:45:26 INFO  ApacheHttpClient.sendEvent(518) - responseCode = 200
2019-06-27 16:45:26 INFO  ApacheHttpClient.sendEvent(518) - responseCode = 200
2019-06-27 16:45:26 INFO  ApacheHttpClient.sendEvent(518) - responseCode = 200
2019-06-27 16:46:26 INFO  ApacheHttpClient.sendEvent(518) - responseCode = 200
2019-06-27 16:46:26 INFO  ApacheHttpClient.sendEvent(518) - responseCode = 200
2019-06-27 16:46:26 INFO  ApacheHttpClient.sendEvent(518) - responseCode = 200
2019-06-27 16:46:26 INFO  ApacheHttpClient.sendEvent(518) - responseCode = 200
2019-06-27 16:46:26 INFO  ApacheHttpClient.sendEvent(518) - responseCode = 200
2019-06-27 16:47:26 INFO  ApacheHttpClient.sendEvent(518) - responseCode = 200
2019-06-27 16:47:26 INFO  ApacheHttpClient.sendEvent(518) - responseCode = 200
2019-06-27 16:47:26 INFO  ApacheHttpClient.sendEvent(518) - responseCode = 200
2019-06-27 16:47:26 INFO  ApacheHttpClient.sendEvent(518) - responseCode = 200
2019-06-27 16:47:26 INFO  ApacheHttpClient.sendEvent(518) - responseCode = 200
2019-06-27 16:48:26 INFO  ApacheHttpClient.sendEvent(518) - responseCode = 200
2019-06-27 16:48:26 INFO  ApacheHttpClient.sendEvent(518) - responseCode = 200
2019-06-27 16:48:26 INFO  ApacheHttpClient.sendEvent(518) - responseCode = 200
2019-06-27 16:48:26 INFO  ApacheHttpClient.sendEvent(518) - responseCode = 200
2019-06-27 16:48:26 INFO  ApacheHttpClient.sendEvent(518) - responseCode = 200
2019-06-27 16:49:26 INFO  ApacheHttpClient.sendEvent(518) - responseCode = 200
2019-06-27 16:49:26 INFO  ApacheHttpClient.sendEvent(518) - responseCode = 200
2019-06-27 16:49:26 INFO  ApacheHttpClient.sendEvent(518) - responseCode = 200
2019-06-27 16:49:26 INFO  ApacheHttpClient.sendEvent(518) - responseCode = 200
2019-06-27 16:49:26 INFO  ApacheHttpClient.sendEvent(518) - responseCode = 200
2019-06-27 16:50:26 INFO  ApacheHttpClient.sendEvent(518) - responseCode = 200
2019-06-27 16:50:26 INFO  ApacheHttpClient.sendEvent(518) - responseCode = 200
2019-06-27 16:50:26 INFO  ApacheHttpClient.sendEvent(518) - responseCode = 200
2019-06-27 16:50:26 INFO  ApacheHttpClient.sendEvent(518) - responseCode = 200
2019-06-27 16:50:26 INFO  ApacheHttpClient.sendEvent(518) - responseCode = 200
2019-06-27 16:51:26 INFO  ApacheHttpClient.sendEvent(518) - responseCode = 200
2019-06-27 16:51:26 INFO  ApacheHttpClient.sendEvent(518) - responseCode = 200
2019-06-27 16:51:26 INFO  ApacheHttpClient.sendEvent(518) - responseCode = 200
2019-06-27 16:51:26 INFO  ApacheHttpClient.sendEvent(518) - responseCode = 200
2019-06-27 16:51:26 INFO  ApacheHttpClient.sendEvent(518) - responseCode = 200
2019-06-27 16:52:26 INFO  ApacheHttpClient.sendEvent(518) - responseCode = 200
2019-06-27 16:52:26 INFO  ApacheHttpClient.sendEvent(518) - responseCode = 200
2019-06-27 16:52:26 INFO  ApacheHttpClient.sendEvent(518) - responseCode = 200
2019-06-27 16:52:26 INFO  ApacheHttpClient.sendEvent(518) - responseCode = 200
2019-06-27 16:52:26 INFO  ApacheHttpClient.sendEvent(518) - responseCode = 200
2019-06-27 16:53:26 INFO  ApacheHttpClient.sendEvent(518) - responseCode = 200
2019-06-27 16:53:26 INFO  ApacheHttpClient.sendEvent(518) - responseCode = 200
2019-06-27 16:53:26 INFO  ApacheHttpClient.sendEvent(518) - responseCode = 200
2019-06-27 16:53:26 INFO  ApacheHttpClient.sendEvent(518) - responseCode = 200
2019-06-27 16:53:26 INFO  ApacheHttpClient.sendEvent(518) - responseCode = 200
2019-06-27 16:54:26 INFO  ApacheHttpClient.sendEvent(518) - responseCode = 200
2019-06-27 16:54:26 INFO  ApacheHttpClient.sendEvent(518) - responseCode = 200
2019-06-27 16:54:26 INFO  ApacheHttpClient.sendEvent(518) - responseCode = 200
2019-06-27 16:54:26 INFO  ApacheHttpClient.sendEvent(518) - responseCode = 200
2019-06-27 16:54:26 INFO  ApacheHttpClient.sendEvent(518) - responseCode = 200
2019-06-27 16:55:26 INFO  ApacheHttpClient.sendEvent(518) - responseCode = 200
2019-06-27 16:55:26 INFO  ApacheHttpClient.sendEvent(518) - responseCode = 200
2019-06-27 16:55:26 INFO  ApacheHttpClient.sendEvent(518) - responseCode = 200
2019-06-27 16:55:26 INFO  ApacheHttpClient.sendEvent(518) - responseCode = 200
2019-06-27 16:55:26 INFO  ApacheHttpClient.sendEvent(518) - responseCode = 200
2019-06-27 16:56:26 INFO  ApacheHttpClient.sendEvent(518) - responseCode = 200
2019-06-27 16:56:26 INFO  ApacheHttpClient.sendEvent(518) - responseCode = 200
2019-06-27 16:56:26 INFO  ApacheHttpClient.sendEvent(518) - responseCode = 200
2019-06-27 16:56:26 INFO  ApacheHttpClient.sendEvent(518) - responseCode = 200
2019-06-27 16:56:26 INFO  ApacheHttpClient.sendEvent(518) - responseCode = 200
2019-06-27 16:57:26 INFO  ApacheHttpClient.sendEvent(518) - responseCode = 200
2019-06-27 16:57:26 INFO  ApacheHttpClient.sendEvent(518) - responseCode = 200
2019-06-27 16:57:26 INFO  ApacheHttpClient.sendEvent(518) - responseCode = 200
2019-06-27 16:57:26 INFO  ApacheHttpClient.sendEvent(518) - responseCode = 200
2019-06-27 16:57:26 INFO  ApacheHttpClient.sendEvent(518) - responseCode = 200
2019-06-27 16:58:26 INFO  ApacheHttpClient.sendEvent(518) - responseCode = 200
2019-06-27 16:58:26 INFO  ApacheHttpClient.sendEvent(518) - responseCode = 200
2019-06-27 16:58:26 INFO  ApacheHttpClient.sendEvent(518) - responseCode = 200
2019-06-27 16:58:26 INFO  ApacheHttpClient.sendEvent(518) - responseCode = 200
2019-06-27 16:58:26 INFO  ApacheHttpClient.sendEvent(518) - responseCode = 200
2019-06-27 16:59:26 INFO  ApacheHttpClient.sendEvent(518) - responseCode = 200
2019-06-27 16:59:26 INFO  ApacheHttpClient.sendEvent(518) - responseCode = 200
2019-06-27 16:59:26 INFO  ApacheHttpClient.sendEvent(518) - responseCode = 200
2019-06-27 16:59:26 INFO  ApacheHttpClient.sendEvent(518) - responseCode = 200
2019-06-27 16:59:26 INFO  ApacheHttpClient.sendEvent(518) - responseCode = 200
2019-06-27 17:00:26 INFO  ApacheHttpClient.sendEvent(518) - responseCode = 200
2019-06-27 17:00:26 INFO  ApacheHttpClient.sendEvent(518) - responseCode = 200
2019-06-27 17:00:26 INFO  ApacheHttpClient.sendEvent(518) - responseCode = 200
2019-06-27 17:00:26 INFO  ApacheHttpClient.sendEvent(518) - responseCode = 200
2019-06-27 17:00:26 INFO  ApacheHttpClient.sendEvent(518) - responseCode = 200
2019-06-27 17:01:26 INFO  ApacheHttpClient.sendEvent(518) - responseCode = 200
2019-06-27 17:01:26 INFO  ApacheHttpClient.sendEvent(518) - responseCode = 200
2019-06-27 17:01:26 INFO  ApacheHttpClient.sendEvent(518) - responseCode = 200
2019-06-27 17:01:26 INFO  ApacheHttpClient.sendEvent(518) - responseCode = 200
2019-06-27 17:01:26 INFO  ApacheHttpClient.sendEvent(518) - responseCode = 200
2019-06-27 17:02:26 INFO  ApacheHttpClient.sendEvent(518) - responseCode = 200
2019-06-27 17:02:26 INFO  ApacheHttpClient.sendEvent(518) - responseCode = 200
2019-06-27 17:02:26 INFO  ApacheHttpClient.sendEvent(518) - responseCode = 200
2019-06-27 17:02:26 INFO  ApacheHttpClient.sendEvent(518) - responseCode = 200
2019-06-27 17:02:26 INFO  ApacheHttpClient.sendEvent(518) - responseCode = 200
2019-06-27 17:03:27 INFO  ApacheHttpClient.sendEvent(518) - responseCode = 200
2019-06-27 17:03:27 INFO  ApacheHttpClient.sendEvent(518) - responseCode = 200
2019-06-27 17:03:27 INFO  ApacheHttpClient.sendEvent(518) - responseCode = 200
2019-06-27 17:03:27 INFO  ApacheHttpClient.sendEvent(518) - responseCode = 200
2019-06-27 17:03:27 INFO  ApacheHttpClient.sendEvent(518) - responseCode = 200
2019-06-27 17:04:26 INFO  ApacheHttpClient.sendEvent(518) - responseCode = 200
2019-06-27 17:04:26 INFO  ApacheHttpClient.sendEvent(518) - responseCode = 200
2019-06-27 17:04:26 INFO  ApacheHttpClient.sendEvent(518) - responseCode = 200
2019-06-27 17:04:26 INFO  ApacheHttpClient.sendEvent(518) - responseCode = 200
2019-06-27 17:04:26 INFO  ApacheHttpClient.sendEvent(518) - responseCode = 200
2019-06-27 17:05:26 INFO  ApacheHttpClient.sendEvent(518) - responseCode = 200
2019-06-27 17:05:26 INFO  ApacheHttpClient.sendEvent(518) - responseCode = 200
2019-06-27 17:05:26 INFO  ApacheHttpClient.sendEvent(518) - responseCode = 200
2019-06-27 17:05:26 INFO  ApacheHttpClient.sendEvent(518) - responseCode = 200
2019-06-27 17:05:26 INFO  ApacheHttpClient.sendEvent(518) - responseCode = 200
2019-06-27 17:06:26 INFO  ApacheHttpClient.sendEvent(518) - responseCode = 200
2019-06-27 17:06:26 INFO  ApacheHttpClient.sendEvent(518) - responseCode = 200
2019-06-27 17:06:26 INFO  ApacheHttpClient.sendEvent(518) - responseCode = 200
2019-06-27 17:06:26 INFO  ApacheHttpClient.sendEvent(518) - responseCode = 200
2019-06-27 17:06:26 INFO  ApacheHttpClient.sendEvent(518) - responseCode = 200
2019-06-27 17:07:26 INFO  ApacheHttpClient.sendEvent(518) - responseCode = 200
2019-06-27 17:07:26 INFO  ApacheHttpClient.sendEvent(518) - responseCode = 200
2019-06-27 17:07:26 INFO  ApacheHttpClient.sendEvent(518) - responseCode = 200
2019-06-27 17:07:26 INFO  ApacheHttpClient.sendEvent(518) - responseCode = 200
2019-06-27 17:07:26 INFO  ApacheHttpClient.sendEvent(518) - responseCode = 200
2019-06-27 17:08:26 INFO  ApacheHttpClient.sendEvent(518) - responseCode = 200
2019-06-27 17:08:26 INFO  ApacheHttpClient.sendEvent(518) - responseCode = 200
2019-06-27 17:08:26 INFO  ApacheHttpClient.sendEvent(518) - responseCode = 200
2019-06-27 17:08:26 INFO  ApacheHttpClient.sendEvent(518) - responseCode = 200
2019-06-27 17:08:26 INFO  ApacheHttpClient.sendEvent(518) - responseCode = 200
2019-06-27 17:09:26 INFO  ApacheHttpClient.sendEvent(518) - responseCode = 200
2019-06-27 17:09:26 INFO  ApacheHttpClient.sendEvent(518) - responseCode = 200
2019-06-27 17:09:26 INFO  ApacheHttpClient.sendEvent(518) - responseCode = 200
2019-06-27 17:09:26 INFO  ApacheHttpClient.sendEvent(518) - responseCode = 200
2019-06-27 17:09:26 INFO  ApacheHttpClient.sendEvent(518) - responseCode = 200
2019-06-27 17:10:26 INFO  ApacheHttpClient.sendEvent(518) - responseCode = 200
2019-06-27 17:10:26 INFO  ApacheHttpClient.sendEvent(518) - responseCode = 200
2019-06-27 17:10:26 INFO  ApacheHttpClient.sendEvent(518) - responseCode = 200
2019-06-27 17:10:26 INFO  ApacheHttpClient.sendEvent(518) - responseCode = 200
2019-06-27 17:10:26 INFO  ApacheHttpClient.sendEvent(518) - responseCode = 200
2019-06-27 17:11:26 INFO  ApacheHttpClient.sendEvent(518) - responseCode = 200
2019-06-27 17:11:26 INFO  ApacheHttpClient.sendEvent(518) - responseCode = 200
2019-06-27 17:11:26 INFO  ApacheHttpClient.sendEvent(518) - responseCode = 200
2019-06-27 17:11:26 INFO  ApacheHttpClient.sendEvent(518) - responseCode = 200
2019-06-27 17:11:26 INFO  ApacheHttpClient.sendEvent(518) - responseCode = 200
2019-06-27 17:12:26 INFO  ApacheHttpClient.sendEvent(518) - responseCode = 200
2019-06-27 17:12:26 INFO  ApacheHttpClient.sendEvent(518) - responseCode = 200
2019-06-27 17:12:26 INFO  ApacheHttpClient.sendEvent(518) - responseCode = 200
2019-06-27 17:12:26 INFO  ApacheHttpClient.sendEvent(518) - responseCode = 200
2019-06-27 17:12:26 INFO  ApacheHttpClient.sendEvent(518) - responseCode = 200
2019-06-27 17:13:26 INFO  ApacheHttpClient.sendEvent(518) - responseCode = 200
2019-06-27 17:13:26 INFO  ApacheHttpClient.sendEvent(518) - responseCode = 200
2019-06-27 17:13:26 INFO  ApacheHttpClient.sendEvent(518) - responseCode = 200
2019-06-27 17:13:26 INFO  ApacheHttpClient.sendEvent(518) - responseCode = 200
2019-06-27 17:13:26 INFO  ApacheHttpClient.sendEvent(518) - responseCode = 200
2019-06-27 17:14:26 INFO  ApacheHttpClient.sendEvent(518) - responseCode = 200
2019-06-27 17:14:26 INFO  ApacheHttpClient.sendEvent(518) - responseCode = 200
2019-06-27 17:14:26 INFO  ApacheHttpClient.sendEvent(518) - responseCode = 200
2019-06-27 17:14:26 INFO  ApacheHttpClient.sendEvent(518) - responseCode = 200
2019-06-27 17:14:26 INFO  ApacheHttpClient.sendEvent(518) - responseCode = 200
2019-06-27 17:15:26 INFO  ApacheHttpClient.sendEvent(518) - responseCode = 200
2019-06-27 17:15:26 INFO  ApacheHttpClient.sendEvent(518) - responseCode = 200
2019-06-27 17:15:26 INFO  ApacheHttpClient.sendEvent(518) - responseCode = 200
2019-06-27 17:15:26 INFO  ApacheHttpClient.sendEvent(518) - responseCode = 200
2019-06-27 17:15:26 INFO  ApacheHttpClient.sendEvent(518) - responseCode = 200
2019-06-27 17:16:26 INFO  ApacheHttpClient.sendEvent(518) - responseCode = 200
2019-06-27 17:16:26 INFO  ApacheHttpClient.sendEvent(518) - responseCode = 200
2019-06-27 17:16:26 INFO  ApacheHttpClient.sendEvent(518) - responseCode = 200
2019-06-27 17:16:26 INFO  ApacheHttpClient.sendEvent(518) - responseCode = 200
2019-06-27 17:16:26 INFO  ApacheHttpClient.sendEvent(518) - responseCode = 200
2019-06-27 17:17:26 INFO  ApacheHttpClient.sendEvent(518) - responseCode = 200
2019-06-27 17:17:26 INFO  ApacheHttpClient.sendEvent(518) - responseCode = 200
2019-06-27 17:17:26 INFO  ApacheHttpClient.sendEvent(518) - responseCode = 200
2019-06-27 17:17:26 INFO  ApacheHttpClient.sendEvent(518) - responseCode = 200
2019-06-27 17:17:26 INFO  ApacheHttpClient.sendEvent(518) - responseCode = 200
2019-06-27 17:18:26 INFO  ApacheHttpClient.sendEvent(518) - responseCode = 200
2019-06-27 17:18:26 INFO  ApacheHttpClient.sendEvent(518) - responseCode = 200
2019-06-27 17:18:26 INFO  ApacheHttpClient.sendEvent(518) - responseCode = 200
2019-06-27 17:18:26 INFO  ApacheHttpClient.sendEvent(518) - responseCode = 200
2019-06-27 17:18:26 INFO  ApacheHttpClient.sendEvent(518) - responseCode = 200
2019-06-27 17:19:26 INFO  ApacheHttpClient.sendEvent(518) - responseCode = 200
2019-06-27 17:19:26 INFO  ApacheHttpClient.sendEvent(518) - responseCode = 200
2019-06-27 17:19:26 INFO  ApacheHttpClient.sendEvent(518) - responseCode = 200
2019-06-27 17:19:26 INFO  ApacheHttpClient.sendEvent(518) - responseCode = 200
2019-06-27 17:19:26 INFO  ApacheHttpClient.sendEvent(518) - responseCode = 200
2019-06-27 17:20:26 INFO  ApacheHttpClient.sendEvent(518) - responseCode = 200
2019-06-27 17:20:26 INFO  ApacheHttpClient.sendEvent(518) - responseCode = 200
2019-06-27 17:20:26 INFO  ApacheHttpClient.sendEvent(518) - responseCode = 200
2019-06-27 17:20:26 INFO  ApacheHttpClient.sendEvent(518) - responseCode = 200
2019-06-27 17:20:26 INFO  ApacheHttpClient.sendEvent(518) - responseCode = 200
2019-06-27 17:21:26 INFO  ApacheHttpClient.sendEvent(518) - responseCode = 200
2019-06-27 17:21:26 INFO  ApacheHttpClient.sendEvent(518) - responseCode = 200
2019-06-27 17:21:26 INFO  ApacheHttpClient.sendEvent(518) - responseCode = 200
2019-06-27 17:21:26 INFO  ApacheHttpClient.sendEvent(518) - responseCode = 200
2019-06-27 17:21:26 INFO  ApacheHttpClient.sendEvent(518) - responseCode = 200
2019-06-27 17:22:26 INFO  ApacheHttpClient.sendEvent(518) - responseCode = 200
2019-06-27 17:22:26 INFO  ApacheHttpClient.sendEvent(518) - responseCode = 200
2019-06-27 17:22:26 INFO  ApacheHttpClient.sendEvent(518) - responseCode = 200
2019-06-27 17:22:26 INFO  ApacheHttpClient.sendEvent(518) - responseCode = 200
2019-06-27 17:22:26 INFO  ApacheHttpClient.sendEvent(518) - responseCode = 200
2019-06-27 17:23:26 INFO  ApacheHttpClient.sendEvent(518) - responseCode = 200
2019-06-27 17:23:26 INFO  ApacheHttpClient.sendEvent(518) - responseCode = 200
2019-06-27 17:23:26 INFO  ApacheHttpClient.sendEvent(518) - responseCode = 200
2019-06-27 17:23:26 INFO  ApacheHttpClient.sendEvent(518) - responseCode = 200
2019-06-27 17:23:26 INFO  ApacheHttpClient.sendEvent(518) - responseCode = 200
2019-06-27 17:24:26 INFO  ApacheHttpClient.sendEvent(518) - responseCode = 200
2019-06-27 17:24:26 INFO  ApacheHttpClient.sendEvent(518) - responseCode = 200
2019-06-27 17:24:26 INFO  ApacheHttpClient.sendEvent(518) - responseCode = 200
2019-06-27 17:24:26 INFO  ApacheHttpClient.sendEvent(518) - responseCode = 200
2019-06-27 17:24:26 INFO  ApacheHttpClient.sendEvent(518) - responseCode = 200
2019-06-27 17:25:26 INFO  ApacheHttpClient.sendEvent(518) - responseCode = 200
2019-06-27 17:25:26 INFO  ApacheHttpClient.sendEvent(518) - responseCode = 200
2019-06-27 17:25:26 INFO  ApacheHttpClient.sendEvent(518) - responseCode = 200
2019-06-27 17:25:26 INFO  ApacheHttpClient.sendEvent(518) - responseCode = 200
2019-06-27 17:25:26 INFO  ApacheHttpClient.sendEvent(518) - responseCode = 200
2019-06-27 17:26:26 INFO  ApacheHttpClient.sendEvent(518) - responseCode = 200
2019-06-27 17:26:26 INFO  ApacheHttpClient.sendEvent(518) - responseCode = 200
2019-06-27 17:26:26 INFO  ApacheHttpClient.sendEvent(518) - responseCode = 200
2019-06-27 17:26:26 INFO  ApacheHttpClient.sendEvent(518) - responseCode = 200
2019-06-27 17:26:26 INFO  ApacheHttpClient.sendEvent(518) - responseCode = 200
2019-06-27 17:27:26 INFO  ApacheHttpClient.sendEvent(518) - responseCode = 200
2019-06-27 17:27:26 INFO  ApacheHttpClient.sendEvent(518) - responseCode = 200
2019-06-27 17:27:26 INFO  ApacheHttpClient.sendEvent(518) - responseCode = 200
2019-06-27 17:27:26 INFO  ApacheHttpClient.sendEvent(518) - responseCode = 200
2019-06-27 17:27:26 INFO  ApacheHttpClient.sendEvent(518) - responseCode = 200
2019-06-27 17:28:26 INFO  ApacheHttpClient.sendEvent(518) - responseCode = 200
2019-06-27 17:28:26 INFO  ApacheHttpClient.sendEvent(518) - responseCode = 200
2019-06-27 17:28:26 INFO  ApacheHttpClient.sendEvent(518) - responseCode = 200
2019-06-27 17:28:26 INFO  ApacheHttpClient.sendEvent(518) - responseCode = 200
2019-06-27 17:28:26 INFO  ApacheHttpClient.sendEvent(518) - responseCode = 200
2019-06-27 17:29:26 INFO  ApacheHttpClient.sendEvent(518) - responseCode = 200
2019-06-27 17:29:26 INFO  ApacheHttpClient.sendEvent(518) - responseCode = 200
2019-06-27 17:29:26 INFO  ApacheHttpClient.sendEvent(518) - responseCode = 200
2019-06-27 17:29:26 INFO  ApacheHttpClient.sendEvent(518) - responseCode = 200
2019-06-27 17:29:26 INFO  ApacheHttpClient.sendEvent(518) - responseCode = 200
2019-06-27 17:30:26 INFO  ApacheHttpClient.sendEvent(518) - responseCode = 200
2019-06-27 17:30:26 INFO  ApacheHttpClient.sendEvent(518) - responseCode = 200
2019-06-27 17:30:26 INFO  ApacheHttpClient.sendEvent(518) - responseCode = 200
2019-06-27 17:30:26 INFO  ApacheHttpClient.sendEvent(518) - responseCode = 200
2019-06-27 17:30:26 INFO  ApacheHttpClient.sendEvent(518) - responseCode = 200
2019-06-27 17:31:26 INFO  ApacheHttpClient.sendEvent(518) - responseCode = 200
2019-06-27 17:31:26 INFO  ApacheHttpClient.sendEvent(518) - responseCode = 200
2019-06-27 17:31:26 INFO  ApacheHttpClient.sendEvent(518) - responseCode = 200
2019-06-27 17:31:26 INFO  ApacheHttpClient.sendEvent(518) - responseCode = 200
2019-06-27 17:31:26 INFO  ApacheHttpClient.sendEvent(518) - responseCode = 200
2019-06-27 17:32:26 INFO  ApacheHttpClient.sendEvent(518) - responseCode = 200
2019-06-27 17:32:26 INFO  ApacheHttpClient.sendEvent(518) - responseCode = 200
2019-06-27 17:32:26 INFO  ApacheHttpClient.sendEvent(518) - responseCode = 200
2019-06-27 17:32:26 INFO  ApacheHttpClient.sendEvent(518) - responseCode = 200
2019-06-27 17:32:26 INFO  ApacheHttpClient.sendEvent(518) - responseCode = 200
2019-06-27 17:33:26 INFO  ApacheHttpClient.sendEvent(518) - responseCode = 200
2019-06-27 17:33:26 INFO  ApacheHttpClient.sendEvent(518) - responseCode = 200
2019-06-27 17:33:26 INFO  ApacheHttpClient.sendEvent(518) - responseCode = 200
2019-06-27 17:33:26 INFO  ApacheHttpClient.sendEvent(518) - responseCode = 200
2019-06-27 17:33:26 INFO  ApacheHttpClient.sendEvent(518) - responseCode = 200
2019-06-27 17:33:44 INFO  PluginTasksProjectComponent.projectClosing(188) - ---------- Project closed ----------

2019-06-27 17:33:44 INFO  PluginTasksProjectComponent.projectClosing(188) - ---------- Project closed ----------

2019-06-27 17:33:44 INFO  PluginTasksProjectComponent.projectClosing(188) - ---------- Project closed ----------

2019-06-27 17:33:44 INFO  PluginTasksProjectComponent.projectClosing(188) - ---------- Project closed ----------

2019-06-27 17:33:44 INFO  PluginTasksProjectComponent.projectClosing(188) - ---------- Project closed ----------

2019-06-27 17:33:44 INFO  ApacheHttpClient.getTask(471) - responseCode = 200
2019-06-27 17:33:44 INFO  ApacheHttpClient.getTask(471) - responseCode = 200
2019-06-27 17:33:44 INFO  ApacheHttpClient.getTask(471) - responseCode = 200
2019-06-27 17:33:44 INFO  ApacheHttpClient.getTask(471) - responseCode = 200
2019-06-27 17:33:44 INFO  ApacheHttpClient.getTask(471) - responseCode = 200
2019-06-27 17:33:44 INFO  ApacheHttpClient.getTask(471) - responseCode = 200
2019-06-27 17:33:44 INFO  ApacheHttpClient.getTask(471) - responseCode = 200
2019-06-27 17:33:44 INFO  ApacheHttpClient.getTask(471) - responseCode = 200
2019-06-27 17:33:44 INFO  ApacheHttpClient.getTask(471) - responseCode = 200
2019-06-27 17:33:44 INFO  ApacheHttpClient.getTask(471) - responseCode = 200
2019-06-27 17:33:45 INFO  ApacheHttpClient.getTask(471) - responseCode = 200
2019-06-27 17:33:45 INFO  ApacheHttpClient.getTask(471) - responseCode = 200
2019-06-27 17:33:45 INFO  ApacheHttpClient.getTask(471) - responseCode = 200
2019-06-27 17:33:45 INFO  ApacheHttpClient.getTask(471) - responseCode = 200
2019-06-27 17:33:45 INFO  ApacheHttpClient.getTask(471) - responseCode = 200
2019-06-27 17:33:45 INFO  ApacheHttpClient.getTask(471) - responseCode = 200
2019-06-27 17:33:45 INFO  ApacheHttpClient.getTask(471) - responseCode = 200
2019-06-27 17:33:45 INFO  ApacheHttpClient.getTask(471) - responseCode = 200
2019-06-27 17:33:45 INFO  ApacheHttpClient.getTask(471) - responseCode = 200
2019-06-27 17:33:45 INFO  ApacheHttpClient.getTask(471) - responseCode = 200
2019-06-29 14:32:56 INFO  PluginTasksProjectComponent.projectOpened(77) - ---------- Project opened ----------
2019-06-29 14:32:56 INFO  PluginTasksProjectComponent.projectOpened(78) - ---------- Version 3.31 ----------

2019-06-29 14:32:56 WARN  PluginTasksProjectComponent.setAutoscrolls(370) - Error while setting autoscrolls
2019-06-29 14:32:56 INFO  ApacheHttpClient.createAsyncHttpClient(135) - 1 proxies selected. Type: DIRECT
2019-06-29 14:32:56 INFO  ApacheHttpClient.<init>(93) - ApacheHttpClient was successfully instantiated.
2019-06-29 14:33:00 INFO  ApacheHttpClient.testConnection(193) - responseCode = 200
2019-06-29 14:33:00 INFO  ApacheHttpClient.testConnection(208) - result = true
2019-06-29 14:33:03 INFO  ApacheHttpClient.isSessionAppropriateWithSecretKey(585) - Waiting for server response.
2019-06-29 14:33:03 INFO  ApacheHttpClient.isSessionAppropriateWithSecretKey(585) - Waiting for server response.
2019-06-29 14:33:04 INFO  ApacheHttpClient.refreshUserInfo(293) - responseCode = 200
2019-06-29 14:33:04 INFO  ApacheHttpClient.refreshUserInfo(299) - User information received.
2019-06-29 14:33:04 INFO  ApacheHttpClient.startGA(35) - GAService started.
2019-06-29 14:33:04 INFO  AbstractRestApiClient.startService(71) - EventsService started.
2019-06-29 14:33:11 INFO  ApacheHttpClient.getWebResourceAsStream(485) - responseCode = 200
2019-06-29 14:34:04 INFO  ApacheHttpClient.sendEvent(518) - responseCode = 200
2019-06-29 14:35:04 INFO  ApacheHttpClient.sendEvent(518) - responseCode = 200
2019-06-29 14:36:04 INFO  ApacheHttpClient.sendEvent(518) - responseCode = 200
2019-06-29 14:37:04 INFO  ApacheHttpClient.sendEvent(518) - responseCode = 200
2019-06-29 14:38:04 INFO  ApacheHttpClient.sendEvent(518) - responseCode = 200
2019-06-29 14:39:04 INFO  ApacheHttpClient.sendEvent(518) - responseCode = 200
2019-06-29 14:40:04 INFO  ApacheHttpClient.sendEvent(518) - responseCode = 200
2019-06-29 14:41:04 INFO  ApacheHttpClient.sendEvent(518) - responseCode = 200
2019-06-29 14:42:04 INFO  ApacheHttpClient.sendEvent(518) - responseCode = 200
2019-06-29 14:43:04 INFO  ApacheHttpClient.sendEvent(518) - responseCode = 200
2019-06-29 14:44:04 INFO  ApacheHttpClient.sendEvent(518) - responseCode = 200
2019-06-29 14:45:04 INFO  ApacheHttpClient.sendEvent(518) - responseCode = 200
2019-06-29 14:46:04 INFO  ApacheHttpClient.sendEvent(518) - responseCode = 200
2019-06-29 14:47:04 INFO  ApacheHttpClient.sendEvent(518) - responseCode = 200
2019-06-29 14:48:04 INFO  ApacheHttpClient.sendEvent(518) - responseCode = 200
2019-06-29 14:49:04 INFO  ApacheHttpClient.sendEvent(518) - responseCode = 200
2019-06-29 14:50:04 INFO  ApacheHttpClient.sendEvent(518) - responseCode = 200
2019-06-29 14:51:04 INFO  ApacheHttpClient.sendEvent(518) - responseCode = 200
2019-06-29 14:52:04 INFO  ApacheHttpClient.sendEvent(518) - responseCode = 200
2019-06-29 14:53:14 INFO  ApacheHttpClient.sendEvent(518) - responseCode = 200
2019-06-29 14:54:14 INFO  ApacheHttpClient.sendEvent(518) - responseCode = 200
2019-06-29 14:55:14 INFO  ApacheHttpClient.sendEvent(518) - responseCode = 200
2019-06-29 14:56:14 INFO  ApacheHttpClient.sendEvent(518) - responseCode = 200
2019-06-29 14:57:14 INFO  ApacheHttpClient.sendEvent(518) - responseCode = 200
2019-06-29 14:58:14 INFO  ApacheHttpClient.sendEvent(518) - responseCode = 200
2019-06-29 14:59:14 INFO  ApacheHttpClient.sendEvent(518) - responseCode = 200
2019-06-29 15:00:14 INFO  ApacheHttpClient.sendEvent(518) - responseCode = 200
2019-06-29 15:01:14 INFO  ApacheHttpClient.sendEvent(518) - responseCode = 200
2019-06-29 15:02:14 INFO  ApacheHttpClient.sendEvent(518) - responseCode = 200
2019-06-29 15:03:14 INFO  ApacheHttpClient.sendEvent(518) - responseCode = 200
2019-06-29 15:04:14 INFO  ApacheHttpClient.sendEvent(518) - responseCode = 200
2019-06-29 15:05:14 INFO  ApacheHttpClient.sendEvent(518) - responseCode = 200
2019-06-29 15:06:14 INFO  ApacheHttpClient.sendEvent(518) - responseCode = 200
2019-06-29 15:07:14 INFO  ApacheHttpClient.sendEvent(518) - responseCode = 200
2019-06-29 15:08:14 INFO  ApacheHttpClient.sendEvent(518) - responseCode = 200
2019-06-29 15:09:14 INFO  ApacheHttpClient.sendEvent(518) - responseCode = 200
2019-06-29 15:10:14 INFO  ApacheHttpClient.sendEvent(518) - responseCode = 200
2019-06-29 15:11:14 INFO  ApacheHttpClient.sendEvent(518) - responseCode = 200
2019-06-29 15:12:14 INFO  ApacheHttpClient.sendEvent(518) - responseCode = 200
2019-06-29 15:13:14 INFO  ApacheHttpClient.sendEvent(518) - responseCode = 200
2019-06-29 15:14:14 INFO  ApacheHttpClient.sendEvent(518) - responseCode = 200
2019-06-29 15:15:14 INFO  ApacheHttpClient.sendEvent(518) - responseCode = 200
2019-06-29 15:16:14 INFO  ApacheHttpClient.sendEvent(518) - responseCode = 200
2019-06-29 15:17:14 INFO  ApacheHttpClient.sendEvent(518) - responseCode = 200
2019-06-29 15:18:14 INFO  ApacheHttpClient.sendEvent(518) - responseCode = 200
2019-06-29 15:19:14 INFO  ApacheHttpClient.sendEvent(518) - responseCode = 200
2019-06-29 15:20:14 INFO  ApacheHttpClient.sendEvent(518) - responseCode = 200
2019-06-29 15:21:14 INFO  ApacheHttpClient.sendEvent(518) - responseCode = 200
2019-06-29 15:22:14 INFO  ApacheHttpClient.sendEvent(518) - responseCode = 200
2019-06-29 15:23:14 INFO  ApacheHttpClient.sendEvent(518) - responseCode = 200
2019-06-29 15:24:14 INFO  ApacheHttpClient.sendEvent(518) - responseCode = 200
2019-06-29 15:25:14 INFO  ApacheHttpClient.sendEvent(518) - responseCode = 200
2019-06-29 15:26:14 INFO  ApacheHttpClient.sendEvent(518) - responseCode = 200
2019-06-29 15:27:14 INFO  ApacheHttpClient.sendEvent(518) - responseCode = 200
2019-06-29 15:28:14 INFO  ApacheHttpClient.sendEvent(518) - responseCode = 200
2019-06-29 15:29:14 INFO  ApacheHttpClient.sendEvent(518) - responseCode = 200
2019-06-29 15:30:14 INFO  ApacheHttpClient.sendEvent(518) - responseCode = 200
2019-06-29 15:31:14 INFO  ApacheHttpClient.sendEvent(518) - responseCode = 200
2019-06-29 15:32:14 INFO  ApacheHttpClient.sendEvent(518) - responseCode = 200
2019-06-29 15:33:14 INFO  ApacheHttpClient.sendEvent(518) - responseCode = 200
2019-06-29 15:34:14 INFO  ApacheHttpClient.sendEvent(518) - responseCode = 200
2019-06-29 15:35:14 INFO  ApacheHttpClient.sendEvent(518) - responseCode = 200
2019-06-29 15:36:14 INFO  ApacheHttpClient.sendEvent(518) - responseCode = 200
2019-06-29 15:37:14 INFO  ApacheHttpClient.sendEvent(518) - responseCode = 200
2019-06-29 15:38:14 INFO  ApacheHttpClient.sendEvent(518) - responseCode = 200
2019-06-29 15:39:14 INFO  ApacheHttpClient.sendEvent(518) - responseCode = 200
2019-06-29 15:40:14 INFO  ApacheHttpClient.sendEvent(518) - responseCode = 200
2019-06-29 15:41:14 INFO  ApacheHttpClient.sendEvent(518) - responseCode = 200
2019-06-29 15:42:14 INFO  ApacheHttpClient.sendEvent(518) - responseCode = 200
2019-06-29 15:43:14 INFO  ApacheHttpClient.sendEvent(518) - responseCode = 200
2019-06-29 15:44:14 INFO  ApacheHttpClient.sendEvent(518) - responseCode = 200
2019-06-29 15:45:14 INFO  ApacheHttpClient.sendEvent(518) - responseCode = 200
2019-06-29 15:46:14 INFO  ApacheHttpClient.sendEvent(518) - responseCode = 200
2019-06-29 15:47:14 INFO  ApacheHttpClient.sendEvent(518) - responseCode = 200
2019-06-29 15:48:14 INFO  ApacheHttpClient.sendEvent(518) - responseCode = 200
2019-06-29 15:49:14 INFO  ApacheHttpClient.sendEvent(518) - responseCode = 200
2019-06-29 15:50:14 INFO  ApacheHttpClient.sendEvent(518) - responseCode = 200
2019-06-29 15:51:14 INFO  ApacheHttpClient.sendEvent(518) - responseCode = 200
2019-06-29 15:52:14 INFO  ApacheHttpClient.sendEvent(518) - responseCode = 200
2019-06-29 15:53:14 INFO  ApacheHttpClient.sendEvent(518) - responseCode = 200
2019-06-29 15:54:14 INFO  ApacheHttpClient.sendEvent(518) - responseCode = 200
2019-06-29 15:55:14 INFO  ApacheHttpClient.sendEvent(518) - responseCode = 200
2019-06-29 15:56:14 INFO  ApacheHttpClient.sendEvent(518) - responseCode = 200
2019-06-29 15:57:14 INFO  ApacheHttpClient.sendEvent(518) - responseCode = 200
2019-06-29 15:58:14 INFO  ApacheHttpClient.sendEvent(518) - responseCode = 200
2019-06-29 15:59:14 INFO  ApacheHttpClient.sendEvent(518) - responseCode = 200
2019-06-29 16:00:14 INFO  ApacheHttpClient.sendEvent(518) - responseCode = 200
2019-06-29 16:01:14 INFO  ApacheHttpClient.sendEvent(518) - responseCode = 200
2019-06-29 16:02:14 INFO  ApacheHttpClient.sendEvent(518) - responseCode = 200
2019-06-29 16:03:14 INFO  ApacheHttpClient.sendEvent(518) - responseCode = 200
2019-06-29 16:04:14 INFO  ApacheHttpClient.sendEvent(518) - responseCode = 200
2019-06-29 16:05:14 INFO  ApacheHttpClient.sendEvent(518) - responseCode = 200
2019-06-29 16:06:14 INFO  ApacheHttpClient.sendEvent(518) - responseCode = 200
2019-06-29 16:07:14 INFO  ApacheHttpClient.sendEvent(518) - responseCode = 200
2019-06-29 16:08:14 INFO  ApacheHttpClient.sendEvent(518) - responseCode = 200
2019-06-29 16:09:14 INFO  ApacheHttpClient.sendEvent(518) - responseCode = 200
2019-06-29 16:10:14 INFO  ApacheHttpClient.sendEvent(518) - responseCode = 200
2019-06-29 16:11:14 INFO  ApacheHttpClient.sendEvent(518) - responseCode = 200
2019-06-29 16:12:14 INFO  ApacheHttpClient.sendEvent(518) - responseCode = 200
2019-06-29 16:13:14 INFO  ApacheHttpClient.sendEvent(518) - responseCode = 200
2019-06-29 16:14:14 INFO  ApacheHttpClient.sendEvent(518) - responseCode = 200
2019-06-29 16:15:14 INFO  ApacheHttpClient.sendEvent(518) - responseCode = 200
2019-06-29 16:16:14 INFO  ApacheHttpClient.sendEvent(518) - responseCode = 200
2019-06-29 16:17:14 INFO  ApacheHttpClient.sendEvent(518) - responseCode = 200
2019-06-29 16:18:14 INFO  ApacheHttpClient.sendEvent(518) - responseCode = 200
2019-06-29 16:19:14 INFO  ApacheHttpClient.sendEvent(518) - responseCode = 200
2019-06-29 16:20:14 INFO  ApacheHttpClient.sendEvent(518) - responseCode = 200
2019-06-29 16:21:14 INFO  ApacheHttpClient.sendEvent(518) - responseCode = 200
2019-06-29 16:22:14 INFO  ApacheHttpClient.sendEvent(518) - responseCode = 200
2019-06-29 16:23:14 INFO  ApacheHttpClient.sendEvent(518) - responseCode = 200
2019-06-29 16:24:14 INFO  ApacheHttpClient.sendEvent(518) - responseCode = 200
2019-06-29 16:25:14 INFO  ApacheHttpClient.sendEvent(518) - responseCode = 200
2019-06-29 16:26:14 INFO  ApacheHttpClient.sendEvent(518) - responseCode = 200
2019-06-29 16:27:14 INFO  ApacheHttpClient.sendEvent(518) - responseCode = 200
2019-06-29 16:28:14 INFO  ApacheHttpClient.sendEvent(518) - responseCode = 200
2019-06-29 16:29:14 INFO  ApacheHttpClient.sendEvent(518) - responseCode = 200
2019-06-29 16:30:14 INFO  ApacheHttpClient.sendEvent(518) - responseCode = 200
2019-06-29 16:31:14 INFO  ApacheHttpClient.sendEvent(518) - responseCode = 200
2019-06-29 16:32:14 INFO  ApacheHttpClient.sendEvent(518) - responseCode = 200
2019-06-29 16:33:14 INFO  ApacheHttpClient.sendEvent(518) - responseCode = 200
2019-06-29 16:34:14 INFO  ApacheHttpClient.sendEvent(518) - responseCode = 200
2019-06-29 16:35:14 INFO  ApacheHttpClient.sendEvent(518) - responseCode = 200
2019-06-29 16:36:14 INFO  ApacheHttpClient.sendEvent(518) - responseCode = 200
2019-06-29 16:37:14 INFO  ApacheHttpClient.sendEvent(518) - responseCode = 200
2019-06-29 16:38:14 INFO  ApacheHttpClient.sendEvent(518) - responseCode = 200
2019-06-29 16:39:14 INFO  ApacheHttpClient.sendEvent(518) - responseCode = 200
2019-06-29 16:40:14 INFO  ApacheHttpClient.sendEvent(518) - responseCode = 200
2019-06-29 16:41:14 INFO  ApacheHttpClient.sendEvent(518) - responseCode = 200
2019-06-29 16:42:14 INFO  ApacheHttpClient.sendEvent(518) - responseCode = 200
2019-06-29 16:43:14 INFO  ApacheHttpClient.sendEvent(518) - responseCode = 200
2019-06-29 16:44:14 INFO  ApacheHttpClient.sendEvent(518) - responseCode = 200
2019-06-29 16:45:14 INFO  ApacheHttpClient.sendEvent(518) - responseCode = 200
2019-06-29 16:46:14 INFO  ApacheHttpClient.sendEvent(518) - responseCode = 200
2019-06-29 16:47:14 INFO  ApacheHttpClient.sendEvent(518) - responseCode = 200
2019-06-29 16:48:14 INFO  ApacheHttpClient.sendEvent(518) - responseCode = 200
2019-06-29 17:33:14 INFO  ApacheHttpClient.sendEvent(518) - responseCode = 200
2019-06-29 17:34:14 INFO  ApacheHttpClient.sendEvent(518) - responseCode = 200
2019-06-29 17:35:14 INFO  ApacheHttpClient.sendEvent(518) - responseCode = 200
